<?xml version="1.0" encoding="utf-8"?>
<CoverageSession xmlns:xsd="http://www.w3.org/2001/XMLSchema" xmlns:xsi="http://www.w3.org/2001/XMLSchema-instance">
  <Summary numSequencePoints="164" visitedSequencePoints="138" numBranchPoints="161" visitedBranchPoints="129" sequenceCoverage="84.15" branchCoverage="80.12" maxCyclomaticComplexity="17" minCyclomaticComplexity="0" visitedClasses="19" numClasses="20" visitedMethods="63" numMethods="75" />
  <Modules>
    <Module hash="23-CF-3B-DF-45-02-3B-ED-46-BE-C2-AB-7D-9F-97-E8-09-5C-E6-B8">
      <Summary numSequencePoints="164" visitedSequencePoints="138" numBranchPoints="161" visitedBranchPoints="129" sequenceCoverage="84.15" branchCoverage="80.12" maxCyclomaticComplexity="17" minCyclomaticComplexity="0" visitedClasses="19" numClasses="20" visitedMethods="63" numMethods="75" />
      <ModulePath>C:\Users\tabrath\Google Drive\Development\cs\cs-multibase\Multiformats.Base.Tests\bin\Release\Multiformats.Base.dll</ModulePath>
      <ModuleTime>2016-12-30T09:43:36.4070864Z</ModuleTime>
      <ModuleName>Multiformats.Base</ModuleName>
      <Files>
        <File uid="1" fullPath="C:\Users\tabrath\Google Drive\Development\cs\cs-multibase\Multiformats.Base\Base10Encoding.cs" />
        <File uid="3" fullPath="C:\Users\tabrath\Google Drive\Development\cs\cs-multibase\Multiformats.Base\Base16Encoding.cs" />
        <File uid="6" fullPath="C:\Users\tabrath\Google Drive\Development\cs\cs-multibase\Multiformats.Base\Base2Encoding.cs" />
        <File uid="8" fullPath="C:\Users\tabrath\Google Drive\Development\cs\cs-multibase\Multiformats.Base\Base32Encoding.cs" />
        <File uid="10" fullPath="C:\Users\tabrath\Google Drive\Development\cs\cs-multibase\Multiformats.Base\Base58Encoding.cs" />
        <File uid="15" fullPath="C:\Users\tabrath\Google Drive\Development\cs\cs-multibase\Multiformats.Base\Base64Encoding.cs" />
        <File uid="16" fullPath="C:\Users\tabrath\Google Drive\Development\cs\cs-multibase\Multiformats.Base\Base8Encoding.cs" />
        <File uid="18" fullPath="C:\Users\tabrath\Google Drive\Development\cs\cs-multibase\Multiformats.Base\Multibase.cs" />
        <File uid="20" fullPath="C:\Users\tabrath\Google Drive\Development\cs\cs-multibase\Multiformats.Base\MultibaseEncoding.cs" />
      </Files>
      <Classes>
        <Class>
          <Summary numSequencePoints="5" visitedSequencePoints="5" numBranchPoints="5" visitedBranchPoints="5" sequenceCoverage="100" branchCoverage="100" maxCyclomaticComplexity="2" minCyclomaticComplexity="1" visitedClasses="1" numClasses="1" visitedMethods="5" numMethods="5" />
          <FullName>Multiformats.Base.Base10Encoding</FullName>
          <Methods>
            <Method visited="true" cyclomaticComplexity="1" nPathComplexity="0" sequenceCoverage="100" branchCoverage="100" isConstructor="false" isStatic="false" isGetter="true" isSetter="false">
              <Summary numSequencePoints="1" visitedSequencePoints="1" numBranchPoints="1" visitedBranchPoints="1" sequenceCoverage="100" branchCoverage="100" maxCyclomaticComplexity="1" minCyclomaticComplexity="1" visitedClasses="0" numClasses="0" visitedMethods="1" numMethods="1" />
              <MetadataToken>100663297</MetadataToken>
              <Name>System.Char[] Multiformats.Base.Base10Encoding::get_Identifiers()</Name>
              <FileRef uid="1" />
              <SequencePoints>
                <SequencePoint vc="34" uspid="1" ordinal="0" offset="0" sl="7" sc="47" el="7" ec="60" bec="0" bev="0" fileid="1" />
              </SequencePoints>
              <BranchPoints />
              <MethodPoint xsi:type="SequencePoint" vc="34" uspid="1" ordinal="0" offset="0" sl="7" sc="47" el="7" ec="60" bec="0" bev="0" fileid="1" />
            </Method>
            <Method visited="true" cyclomaticComplexity="2" nPathComplexity="0" sequenceCoverage="100" branchCoverage="100" isConstructor="false" isStatic="false" isGetter="false" isSetter="false">
              <Summary numSequencePoints="1" visitedSequencePoints="1" numBranchPoints="1" visitedBranchPoints="1" sequenceCoverage="100" branchCoverage="100" maxCyclomaticComplexity="2" minCyclomaticComplexity="2" visitedClasses="0" numClasses="0" visitedMethods="1" numMethods="1" />
              <MetadataToken>100663298</MetadataToken>
              <Name>System.String Multiformats.Base.Base10Encoding::Encode(System.Byte[],System.Char)</Name>
              <FileRef uid="1" />
              <SequencePoints>
                <SequencePoint vc="2" uspid="2" ordinal="0" offset="0" sl="11" sc="62" el="11" ec="144" bec="0" bev="0" fileid="1" />
              </SequencePoints>
              <BranchPoints />
              <MethodPoint xsi:type="SequencePoint" vc="2" uspid="2" ordinal="0" offset="0" sl="11" sc="62" el="11" ec="144" bec="0" bev="0" fileid="1" />
            </Method>
            <Method visited="true" cyclomaticComplexity="1" nPathComplexity="0" sequenceCoverage="100" branchCoverage="100" isConstructor="false" isStatic="false" isGetter="false" isSetter="false">
              <Summary numSequencePoints="1" visitedSequencePoints="1" numBranchPoints="1" visitedBranchPoints="1" sequenceCoverage="100" branchCoverage="100" maxCyclomaticComplexity="1" minCyclomaticComplexity="1" visitedClasses="0" numClasses="0" visitedMethods="1" numMethods="1" />
              <MetadataToken>100663299</MetadataToken>
              <Name>System.String Multiformats.Base.Base10Encoding::Encode(System.Byte[])</Name>
              <FileRef uid="1" />
              <SequencePoints>
                <SequencePoint vc="2" uspid="5" ordinal="0" offset="0" sl="12" sc="55" el="12" ec="85" bec="0" bev="0" fileid="1" />
              </SequencePoints>
              <BranchPoints />
              <MethodPoint xsi:type="SequencePoint" vc="2" uspid="5" ordinal="0" offset="0" sl="12" sc="55" el="12" ec="85" bec="0" bev="0" fileid="1" />
            </Method>
            <Method visited="true" cyclomaticComplexity="1" nPathComplexity="0" sequenceCoverage="100" branchCoverage="100" isConstructor="false" isStatic="false" isGetter="false" isSetter="false">
              <Summary numSequencePoints="1" visitedSequencePoints="1" numBranchPoints="1" visitedBranchPoints="1" sequenceCoverage="100" branchCoverage="100" maxCyclomaticComplexity="1" minCyclomaticComplexity="1" visitedClasses="0" numClasses="0" visitedMethods="1" numMethods="1" />
              <MetadataToken>100663300</MetadataToken>
              <Name>System.Byte[] Multiformats.Base.Base10Encoding::Decode(System.String,System.Char)</Name>
              <FileRef uid="1" />
              <SequencePoints>
                <SequencePoint vc="2" uspid="6" ordinal="0" offset="0" sl="14" sc="61" el="14" ec="123" bec="0" bev="0" fileid="1" />
              </SequencePoints>
              <BranchPoints />
              <MethodPoint xsi:type="SequencePoint" vc="2" uspid="6" ordinal="0" offset="0" sl="14" sc="61" el="14" ec="123" bec="0" bev="0" fileid="1" />
            </Method>
            <Method visited="true" cyclomaticComplexity="1" nPathComplexity="0" sequenceCoverage="100" branchCoverage="100" isConstructor="false" isStatic="false" isGetter="false" isSetter="false">
              <Summary numSequencePoints="1" visitedSequencePoints="1" numBranchPoints="1" visitedBranchPoints="1" sequenceCoverage="100" branchCoverage="100" maxCyclomaticComplexity="1" minCyclomaticComplexity="1" visitedClasses="0" numClasses="0" visitedMethods="1" numMethods="1" />
              <MetadataToken>100663301</MetadataToken>
              <Name>System.Byte[] Multiformats.Base.Base10Encoding::Decode(System.String)</Name>
              <FileRef uid="1" />
              <SequencePoints>
                <SequencePoint vc="2" uspid="7" ordinal="0" offset="0" sl="15" sc="54" el="15" ec="83" bec="0" bev="0" fileid="1" />
              </SequencePoints>
              <BranchPoints />
              <MethodPoint xsi:type="SequencePoint" vc="2" uspid="7" ordinal="0" offset="0" sl="15" sc="54" el="15" ec="83" bec="0" bev="0" fileid="1" />
            </Method>
            <Method visited="true" cyclomaticComplexity="1" nPathComplexity="0" sequenceCoverage="0" branchCoverage="0" isConstructor="true" isStatic="false" isGetter="false" isSetter="false">
              <Summary numSequencePoints="0" visitedSequencePoints="0" numBranchPoints="0" visitedBranchPoints="0" sequenceCoverage="0" branchCoverage="0" maxCyclomaticComplexity="1" minCyclomaticComplexity="1" visitedClasses="0" numClasses="0" visitedMethods="0" numMethods="0" />
              <MetadataToken>100663302</MetadataToken>
              <Name>System.Void Multiformats.Base.Base10Encoding::.ctor()</Name>
              <SequencePoints />
              <BranchPoints />
              <MethodPoint vc="1" uspid="8" ordinal="0" offset="0" />
            </Method>
          </Methods>
        </Class>
        <Class>
          <Summary numSequencePoints="1" visitedSequencePoints="1" numBranchPoints="1" visitedBranchPoints="1" sequenceCoverage="100" branchCoverage="100" maxCyclomaticComplexity="1" minCyclomaticComplexity="1" visitedClasses="1" numClasses="1" visitedMethods="1" numMethods="1" />
          <FullName>Multiformats.Base.Base10Encoding/&lt;&gt;c</FullName>
          <Methods>
            <Method visited="true" cyclomaticComplexity="1" nPathComplexity="0" sequenceCoverage="0" branchCoverage="0" isConstructor="true" isStatic="true" isGetter="false" isSetter="false">
              <Summary numSequencePoints="0" visitedSequencePoints="0" numBranchPoints="0" visitedBranchPoints="0" sequenceCoverage="0" branchCoverage="0" maxCyclomaticComplexity="1" minCyclomaticComplexity="1" visitedClasses="0" numClasses="0" visitedMethods="0" numMethods="0" />
              <MetadataToken>100663363</MetadataToken>
              <Name>System.Void Multiformats.Base.Base10Encoding/&lt;&gt;c::.cctor()</Name>
              <SequencePoints />
              <BranchPoints />
              <MethodPoint vc="1" uspid="9" ordinal="0" offset="0" />
            </Method>
            <Method visited="true" cyclomaticComplexity="1" nPathComplexity="0" sequenceCoverage="0" branchCoverage="0" isConstructor="true" isStatic="false" isGetter="false" isSetter="false">
              <Summary numSequencePoints="0" visitedSequencePoints="0" numBranchPoints="0" visitedBranchPoints="0" sequenceCoverage="0" branchCoverage="0" maxCyclomaticComplexity="1" minCyclomaticComplexity="1" visitedClasses="0" numClasses="0" visitedMethods="0" numMethods="0" />
              <MetadataToken>100663364</MetadataToken>
              <Name>System.Void Multiformats.Base.Base10Encoding/&lt;&gt;c::.ctor()</Name>
              <SequencePoints />
              <BranchPoints />
              <MethodPoint vc="1" uspid="10" ordinal="0" offset="0" />
            </Method>
            <Method visited="true" cyclomaticComplexity="1" nPathComplexity="0" sequenceCoverage="100" branchCoverage="100" isConstructor="false" isStatic="false" isGetter="false" isSetter="false">
              <Summary numSequencePoints="1" visitedSequencePoints="1" numBranchPoints="1" visitedBranchPoints="1" sequenceCoverage="100" branchCoverage="100" maxCyclomaticComplexity="1" minCyclomaticComplexity="1" visitedClasses="0" numClasses="0" visitedMethods="1" numMethods="1" />
              <MetadataToken>100663365</MetadataToken>
              <Name>System.String Multiformats.Base.Base10Encoding/&lt;&gt;c::&lt;Encode&gt;b__3_0(System.Byte)</Name>
              <FileRef uid="1" />
              <SequencePoints>
                <SequencePoint vc="57" uspid="11" ordinal="0" offset="0" sl="11" sc="134" el="11" ec="142" bec="0" bev="0" fileid="1" />
              </SequencePoints>
              <BranchPoints />
              <MethodPoint xsi:type="SequencePoint" vc="57" uspid="11" ordinal="0" offset="0" sl="11" sc="134" el="11" ec="142" bec="0" bev="0" fileid="1" />
            </Method>
          </Methods>
        </Class>
        <Class>
          <Summary numSequencePoints="10" visitedSequencePoints="8" numBranchPoints="14" visitedBranchPoints="12" sequenceCoverage="80" branchCoverage="85.71" maxCyclomaticComplexity="5" minCyclomaticComplexity="1" visitedClasses="1" numClasses="1" visitedMethods="4" numMethods="4" />
          <FullName>Multiformats.Base.Base16Encoding</FullName>
          <Methods>
            <Method visited="true" cyclomaticComplexity="1" nPathComplexity="0" sequenceCoverage="100" branchCoverage="100" isConstructor="false" isStatic="false" isGetter="true" isSetter="false">
              <Summary numSequencePoints="1" visitedSequencePoints="1" numBranchPoints="1" visitedBranchPoints="1" sequenceCoverage="100" branchCoverage="100" maxCyclomaticComplexity="1" minCyclomaticComplexity="1" visitedClasses="0" numClasses="0" visitedMethods="1" numMethods="1" />
              <MetadataToken>100663303</MetadataToken>
              <Name>System.Char[] Multiformats.Base.Base16Encoding::get_Identifiers()</Name>
              <FileRef uid="3" />
              <SequencePoints>
                <SequencePoint vc="32" uspid="12" ordinal="0" offset="0" sl="11" sc="47" el="11" ec="65" bec="0" bev="0" fileid="3" />
              </SequencePoints>
              <BranchPoints />
              <MethodPoint xsi:type="SequencePoint" vc="32" uspid="12" ordinal="0" offset="0" sl="11" sc="47" el="11" ec="65" bec="0" bev="0" fileid="3" />
            </Method>
            <Method visited="true" cyclomaticComplexity="1" nPathComplexity="0" sequenceCoverage="100" branchCoverage="100" isConstructor="false" isStatic="false" isGetter="false" isSetter="false">
              <Summary numSequencePoints="1" visitedSequencePoints="1" numBranchPoints="1" visitedBranchPoints="1" sequenceCoverage="100" branchCoverage="100" maxCyclomaticComplexity="1" minCyclomaticComplexity="1" visitedClasses="0" numClasses="0" visitedMethods="1" numMethods="1" />
              <MetadataToken>100663304</MetadataToken>
              <Name>System.String Multiformats.Base.Base16Encoding::Encode(System.Byte[])</Name>
              <FileRef uid="3" />
              <SequencePoints>
                <SequencePoint vc="2" uspid="13" ordinal="0" offset="0" sl="13" sc="55" el="13" ec="73" bec="0" bev="0" fileid="3" />
              </SequencePoints>
              <BranchPoints />
              <MethodPoint xsi:type="SequencePoint" vc="2" uspid="13" ordinal="0" offset="0" sl="13" sc="55" el="13" ec="73" bec="0" bev="0" fileid="3" />
            </Method>
            <Method visited="true" cyclomaticComplexity="3" nPathComplexity="2" sequenceCoverage="100" branchCoverage="100" isConstructor="false" isStatic="false" isGetter="false" isSetter="false">
              <Summary numSequencePoints="1" visitedSequencePoints="1" numBranchPoints="3" visitedBranchPoints="3" sequenceCoverage="100" branchCoverage="100" maxCyclomaticComplexity="3" minCyclomaticComplexity="3" visitedClasses="0" numClasses="0" visitedMethods="1" numMethods="1" />
              <MetadataToken>100663305</MetadataToken>
              <Name>System.String Multiformats.Base.Base16Encoding::Encode(System.Byte[],System.Boolean)</Name>
              <FileRef uid="3" />
              <SequencePoints>
                <SequencePoint vc="4" uspid="14" ordinal="0" offset="13" sl="17" sc="13" el="18" ec="124" bec="2" bev="2" fileid="3" />
              </SequencePoints>
              <BranchPoints>
                <BranchPoint vc="2" uspid="15" ordinal="0" offset="19" sl="17" path="0" offsetend="21" fileid="3" />
                <BranchPoint vc="2" uspid="16" ordinal="1" offset="19" sl="17" path="1" offsetend="25" fileid="3" />
              </BranchPoints>
              <MethodPoint vc="4" uspid="17" ordinal="0" offset="0" />
            </Method>
            <Method visited="true" cyclomaticComplexity="5" nPathComplexity="16" sequenceCoverage="71.43" branchCoverage="77.78" isConstructor="false" isStatic="false" isGetter="false" isSetter="false">
              <Summary numSequencePoints="7" visitedSequencePoints="5" numBranchPoints="9" visitedBranchPoints="7" sequenceCoverage="71.43" branchCoverage="77.78" maxCyclomaticComplexity="5" minCyclomaticComplexity="5" visitedClasses="0" numClasses="0" visitedMethods="1" numMethods="1" />
              <MetadataToken>100663306</MetadataToken>
              <Name>System.Byte[] Multiformats.Base.Base16Encoding::Decode(System.String)</Name>
              <FileRef uid="3" />
              <SequencePoints>
                <SequencePoint vc="4" uspid="18" ordinal="0" offset="13" sl="23" sc="13" el="23" ec="43" bec="0" bev="0" fileid="3" />
                <SequencePoint vc="4" uspid="19" ordinal="1" offset="29" sl="24" sc="13" el="24" ec="36" bec="0" bev="0" fileid="3" />
                <SequencePoint vc="4" uspid="20" ordinal="2" offset="47" sl="26" sc="13" el="26" ec="52" bec="3" bev="2" fileid="3" />
                <SequencePoint vc="0" uspid="21" ordinal="3" offset="75" sl="27" sc="17" el="27" ec="88" bec="0" bev="0" fileid="3" />
                <SequencePoint vc="4" uspid="22" ordinal="4" offset="86" sl="29" sc="13" el="29" ec="53" bec="3" bev="2" fileid="3" />
                <SequencePoint vc="0" uspid="23" ordinal="5" offset="113" sl="30" sc="17" el="30" ec="88" bec="0" bev="0" fileid="3" />
                <SequencePoint vc="4" uspid="24" ordinal="6" offset="124" sl="32" sc="13" el="34" ec="32" bec="0" bev="0" fileid="3" />
              </SequencePoints>
              <BranchPoints>
                <BranchPoint vc="2" uspid="25" ordinal="0" offset="48" sl="26" path="0" offsetend="50" fileid="3" />
                <BranchPoint vc="2" uspid="26" ordinal="1" offset="48" sl="26" path="1" offsetend="86" fileid="3" />
                <BranchPoint vc="0" uspid="27" ordinal="2" offset="73" sl="26" path="0" offsetend="75" fileid="3" />
                <BranchPoint vc="4" uspid="28" ordinal="3" offset="73" sl="26" path="1" offsetend="86" fileid="3" />
                <BranchPoint vc="2" uspid="29" ordinal="4" offset="86" sl="29" path="0" offsetend="88" fileid="3" />
                <BranchPoint vc="2" uspid="30" ordinal="5" offset="86" sl="29" path="1" offsetend="124" fileid="3" />
                <BranchPoint vc="0" uspid="31" ordinal="6" offset="111" sl="29" path="0" offsetend="113" fileid="3" />
                <BranchPoint vc="4" uspid="32" ordinal="7" offset="111" sl="29" path="1" offsetend="124" fileid="3" />
              </BranchPoints>
              <MethodPoint vc="4" uspid="33" ordinal="0" offset="0" />
            </Method>
            <Method visited="true" cyclomaticComplexity="1" nPathComplexity="0" sequenceCoverage="0" branchCoverage="0" isConstructor="true" isStatic="false" isGetter="false" isSetter="false">
              <Summary numSequencePoints="0" visitedSequencePoints="0" numBranchPoints="0" visitedBranchPoints="0" sequenceCoverage="0" branchCoverage="0" maxCyclomaticComplexity="1" minCyclomaticComplexity="1" visitedClasses="0" numClasses="0" visitedMethods="0" numMethods="0" />
              <MetadataToken>100663307</MetadataToken>
              <Name>System.Void Multiformats.Base.Base16Encoding::.ctor()</Name>
              <SequencePoints />
              <BranchPoints />
              <MethodPoint vc="1" uspid="34" ordinal="0" offset="0" />
            </Method>
          </Methods>
        </Class>
        <Class>
          <Summary numSequencePoints="1" visitedSequencePoints="1" numBranchPoints="1" visitedBranchPoints="1" sequenceCoverage="100" branchCoverage="100" maxCyclomaticComplexity="2" minCyclomaticComplexity="1" visitedClasses="1" numClasses="1" visitedMethods="1" numMethods="1" />
          <FullName>Multiformats.Base.Base16Encoding/&lt;&gt;c__DisplayClass3_0</FullName>
          <Methods>
            <Method visited="true" cyclomaticComplexity="1" nPathComplexity="0" sequenceCoverage="0" branchCoverage="0" isConstructor="true" isStatic="false" isGetter="false" isSetter="false">
              <Summary numSequencePoints="0" visitedSequencePoints="0" numBranchPoints="0" visitedBranchPoints="0" sequenceCoverage="0" branchCoverage="0" maxCyclomaticComplexity="1" minCyclomaticComplexity="1" visitedClasses="0" numClasses="0" visitedMethods="0" numMethods="0" />
              <MetadataToken>100663366</MetadataToken>
              <Name>System.Void Multiformats.Base.Base16Encoding/&lt;&gt;c__DisplayClass3_0::.ctor()</Name>
              <SequencePoints />
              <BranchPoints />
              <MethodPoint vc="4" uspid="35" ordinal="0" offset="0" />
            </Method>
            <Method visited="true" cyclomaticComplexity="2" nPathComplexity="0" sequenceCoverage="100" branchCoverage="100" isConstructor="false" isStatic="false" isGetter="false" isSetter="false">
              <Summary numSequencePoints="1" visitedSequencePoints="1" numBranchPoints="1" visitedBranchPoints="1" sequenceCoverage="100" branchCoverage="100" maxCyclomaticComplexity="2" minCyclomaticComplexity="2" visitedClasses="0" numClasses="0" visitedMethods="1" numMethods="1" />
              <MetadataToken>100663367</MetadataToken>
              <Name>System.Text.StringBuilder Multiformats.Base.Base16Encoding/&lt;&gt;c__DisplayClass3_0::&lt;Encode&gt;b__0(System.Text.StringBuilder,System.Byte)</Name>
              <FileRef uid="3" />
              <SequencePoints>
                <SequencePoint vc="114" uspid="36" ordinal="0" offset="0" sl="18" sc="67" el="18" ec="111" bec="0" bev="0" fileid="3" />
              </SequencePoints>
              <BranchPoints />
              <MethodPoint xsi:type="SequencePoint" vc="114" uspid="36" ordinal="0" offset="0" sl="18" sc="67" el="18" ec="111" bec="0" bev="0" fileid="3" />
            </Method>
          </Methods>
        </Class>
        <Class>
          <Summary numSequencePoints="1" visitedSequencePoints="1" numBranchPoints="1" visitedBranchPoints="1" sequenceCoverage="100" branchCoverage="100" maxCyclomaticComplexity="1" minCyclomaticComplexity="1" visitedClasses="1" numClasses="1" visitedMethods="1" numMethods="1" />
          <FullName>Multiformats.Base.Base16Encoding/&lt;&gt;c__DisplayClass4_0</FullName>
          <Methods>
            <Method visited="true" cyclomaticComplexity="1" nPathComplexity="0" sequenceCoverage="0" branchCoverage="0" isConstructor="true" isStatic="false" isGetter="false" isSetter="false">
              <Summary numSequencePoints="0" visitedSequencePoints="0" numBranchPoints="0" visitedBranchPoints="0" sequenceCoverage="0" branchCoverage="0" maxCyclomaticComplexity="1" minCyclomaticComplexity="1" visitedClasses="0" numClasses="0" visitedMethods="0" numMethods="0" />
              <MetadataToken>100663368</MetadataToken>
              <Name>System.Void Multiformats.Base.Base16Encoding/&lt;&gt;c__DisplayClass4_0::.ctor()</Name>
              <SequencePoints />
              <BranchPoints />
              <MethodPoint vc="4" uspid="39" ordinal="0" offset="0" />
            </Method>
            <Method visited="true" cyclomaticComplexity="1" nPathComplexity="0" sequenceCoverage="100" branchCoverage="100" isConstructor="false" isStatic="false" isGetter="false" isSetter="false">
              <Summary numSequencePoints="1" visitedSequencePoints="1" numBranchPoints="1" visitedBranchPoints="1" sequenceCoverage="100" branchCoverage="100" maxCyclomaticComplexity="1" minCyclomaticComplexity="1" visitedClasses="0" numClasses="0" visitedMethods="1" numMethods="1" />
              <MetadataToken>100663369</MetadataToken>
              <Name>System.Byte Multiformats.Base.Base16Encoding/&lt;&gt;c__DisplayClass4_0::&lt;Decode&gt;b__0(System.Int32)</Name>
              <FileRef uid="3" />
              <SequencePoints>
                <SequencePoint vc="114" uspid="40" ordinal="0" offset="0" sl="33" sc="34" el="33" ec="84" bec="0" bev="0" fileid="3" />
              </SequencePoints>
              <BranchPoints />
              <MethodPoint xsi:type="SequencePoint" vc="114" uspid="40" ordinal="0" offset="0" sl="33" sc="34" el="33" ec="84" bec="0" bev="0" fileid="3" />
            </Method>
          </Methods>
        </Class>
        <Class>
          <Summary numSequencePoints="5" visitedSequencePoints="5" numBranchPoints="5" visitedBranchPoints="5" sequenceCoverage="100" branchCoverage="100" maxCyclomaticComplexity="2" minCyclomaticComplexity="1" visitedClasses="1" numClasses="1" visitedMethods="5" numMethods="5" />
          <FullName>Multiformats.Base.Base2Encoding</FullName>
          <Methods>
            <Method visited="true" cyclomaticComplexity="1" nPathComplexity="0" sequenceCoverage="100" branchCoverage="100" isConstructor="false" isStatic="false" isGetter="true" isSetter="false">
              <Summary numSequencePoints="1" visitedSequencePoints="1" numBranchPoints="1" visitedBranchPoints="1" sequenceCoverage="100" branchCoverage="100" maxCyclomaticComplexity="1" minCyclomaticComplexity="1" visitedClasses="0" numClasses="0" visitedMethods="1" numMethods="1" />
              <MetadataToken>100663308</MetadataToken>
              <Name>System.Char[] Multiformats.Base.Base2Encoding::get_Identifiers()</Name>
              <FileRef uid="6" />
              <SequencePoints>
                <SequencePoint vc="34" uspid="41" ordinal="0" offset="0" sl="9" sc="47" el="9" ec="60" bec="0" bev="0" fileid="6" />
              </SequencePoints>
              <BranchPoints />
              <MethodPoint xsi:type="SequencePoint" vc="34" uspid="41" ordinal="0" offset="0" sl="9" sc="47" el="9" ec="60" bec="0" bev="0" fileid="6" />
            </Method>
            <Method visited="true" cyclomaticComplexity="2" nPathComplexity="0" sequenceCoverage="100" branchCoverage="100" isConstructor="false" isStatic="false" isGetter="false" isSetter="false">
              <Summary numSequencePoints="1" visitedSequencePoints="1" numBranchPoints="1" visitedBranchPoints="1" sequenceCoverage="100" branchCoverage="100" maxCyclomaticComplexity="2" minCyclomaticComplexity="2" visitedClasses="0" numClasses="0" visitedMethods="1" numMethods="1" />
              <MetadataToken>100663309</MetadataToken>
              <Name>System.String Multiformats.Base.Base2Encoding::Encode(System.Byte[],System.Char)</Name>
              <FileRef uid="6" />
              <SequencePoints>
                <SequencePoint vc="2" uspid="42" ordinal="0" offset="0" sl="13" sc="62" el="13" ec="158" bec="0" bev="0" fileid="6" />
              </SequencePoints>
              <BranchPoints />
              <MethodPoint xsi:type="SequencePoint" vc="2" uspid="42" ordinal="0" offset="0" sl="13" sc="62" el="13" ec="158" bec="0" bev="0" fileid="6" />
            </Method>
            <Method visited="true" cyclomaticComplexity="1" nPathComplexity="0" sequenceCoverage="100" branchCoverage="100" isConstructor="false" isStatic="false" isGetter="false" isSetter="false">
              <Summary numSequencePoints="1" visitedSequencePoints="1" numBranchPoints="1" visitedBranchPoints="1" sequenceCoverage="100" branchCoverage="100" maxCyclomaticComplexity="1" minCyclomaticComplexity="1" visitedClasses="0" numClasses="0" visitedMethods="1" numMethods="1" />
              <MetadataToken>100663310</MetadataToken>
              <Name>System.String Multiformats.Base.Base2Encoding::Encode(System.Byte[])</Name>
              <FileRef uid="6" />
              <SequencePoints>
                <SequencePoint vc="2" uspid="45" ordinal="0" offset="0" sl="14" sc="55" el="14" ec="85" bec="0" bev="0" fileid="6" />
              </SequencePoints>
              <BranchPoints />
              <MethodPoint xsi:type="SequencePoint" vc="2" uspid="45" ordinal="0" offset="0" sl="14" sc="55" el="14" ec="85" bec="0" bev="0" fileid="6" />
            </Method>
            <Method visited="true" cyclomaticComplexity="2" nPathComplexity="0" sequenceCoverage="100" branchCoverage="100" isConstructor="false" isStatic="false" isGetter="false" isSetter="false">
              <Summary numSequencePoints="1" visitedSequencePoints="1" numBranchPoints="1" visitedBranchPoints="1" sequenceCoverage="100" branchCoverage="100" maxCyclomaticComplexity="2" minCyclomaticComplexity="2" visitedClasses="0" numClasses="0" visitedMethods="1" numMethods="1" />
              <MetadataToken>100663311</MetadataToken>
              <Name>System.Byte[] Multiformats.Base.Base2Encoding::Decode(System.String,System.Char)</Name>
              <FileRef uid="6" />
              <SequencePoints>
                <SequencePoint vc="2" uspid="46" ordinal="0" offset="0" sl="16" sc="61" el="16" ec="138" bec="0" bev="0" fileid="6" />
              </SequencePoints>
              <BranchPoints />
              <MethodPoint xsi:type="SequencePoint" vc="2" uspid="46" ordinal="0" offset="0" sl="16" sc="61" el="16" ec="138" bec="0" bev="0" fileid="6" />
            </Method>
            <Method visited="true" cyclomaticComplexity="1" nPathComplexity="0" sequenceCoverage="100" branchCoverage="100" isConstructor="false" isStatic="false" isGetter="false" isSetter="false">
              <Summary numSequencePoints="1" visitedSequencePoints="1" numBranchPoints="1" visitedBranchPoints="1" sequenceCoverage="100" branchCoverage="100" maxCyclomaticComplexity="1" minCyclomaticComplexity="1" visitedClasses="0" numClasses="0" visitedMethods="1" numMethods="1" />
              <MetadataToken>100663312</MetadataToken>
              <Name>System.Byte[] Multiformats.Base.Base2Encoding::Decode(System.String)</Name>
              <FileRef uid="6" />
              <SequencePoints>
                <SequencePoint vc="2" uspid="49" ordinal="0" offset="0" sl="17" sc="54" el="17" ec="83" bec="0" bev="0" fileid="6" />
              </SequencePoints>
              <BranchPoints />
              <MethodPoint xsi:type="SequencePoint" vc="2" uspid="49" ordinal="0" offset="0" sl="17" sc="54" el="17" ec="83" bec="0" bev="0" fileid="6" />
            </Method>
            <Method visited="true" cyclomaticComplexity="1" nPathComplexity="0" sequenceCoverage="0" branchCoverage="0" isConstructor="true" isStatic="false" isGetter="false" isSetter="false">
              <Summary numSequencePoints="0" visitedSequencePoints="0" numBranchPoints="0" visitedBranchPoints="0" sequenceCoverage="0" branchCoverage="0" maxCyclomaticComplexity="1" minCyclomaticComplexity="1" visitedClasses="0" numClasses="0" visitedMethods="0" numMethods="0" />
              <MetadataToken>100663313</MetadataToken>
              <Name>System.Void Multiformats.Base.Base2Encoding::.ctor()</Name>
              <SequencePoints />
              <BranchPoints />
              <MethodPoint vc="1" uspid="50" ordinal="0" offset="0" />
            </Method>
          </Methods>
        </Class>
        <Class>
          <Summary numSequencePoints="2" visitedSequencePoints="2" numBranchPoints="2" visitedBranchPoints="2" sequenceCoverage="100" branchCoverage="100" maxCyclomaticComplexity="1" minCyclomaticComplexity="1" visitedClasses="1" numClasses="1" visitedMethods="2" numMethods="2" />
          <FullName>Multiformats.Base.Base2Encoding/&lt;&gt;c</FullName>
          <Methods>
            <Method visited="true" cyclomaticComplexity="1" nPathComplexity="0" sequenceCoverage="0" branchCoverage="0" isConstructor="true" isStatic="true" isGetter="false" isSetter="false">
              <Summary numSequencePoints="0" visitedSequencePoints="0" numBranchPoints="0" visitedBranchPoints="0" sequenceCoverage="0" branchCoverage="0" maxCyclomaticComplexity="1" minCyclomaticComplexity="1" visitedClasses="0" numClasses="0" visitedMethods="0" numMethods="0" />
              <MetadataToken>100663370</MetadataToken>
              <Name>System.Void Multiformats.Base.Base2Encoding/&lt;&gt;c::.cctor()</Name>
              <SequencePoints />
              <BranchPoints />
              <MethodPoint vc="1" uspid="51" ordinal="0" offset="0" />
            </Method>
            <Method visited="true" cyclomaticComplexity="1" nPathComplexity="0" sequenceCoverage="0" branchCoverage="0" isConstructor="true" isStatic="false" isGetter="false" isSetter="false">
              <Summary numSequencePoints="0" visitedSequencePoints="0" numBranchPoints="0" visitedBranchPoints="0" sequenceCoverage="0" branchCoverage="0" maxCyclomaticComplexity="1" minCyclomaticComplexity="1" visitedClasses="0" numClasses="0" visitedMethods="0" numMethods="0" />
              <MetadataToken>100663371</MetadataToken>
              <Name>System.Void Multiformats.Base.Base2Encoding/&lt;&gt;c::.ctor()</Name>
              <SequencePoints />
              <BranchPoints />
              <MethodPoint vc="1" uspid="52" ordinal="0" offset="0" />
            </Method>
            <Method visited="true" cyclomaticComplexity="1" nPathComplexity="0" sequenceCoverage="100" branchCoverage="100" isConstructor="false" isStatic="false" isGetter="false" isSetter="false">
              <Summary numSequencePoints="1" visitedSequencePoints="1" numBranchPoints="1" visitedBranchPoints="1" sequenceCoverage="100" branchCoverage="100" maxCyclomaticComplexity="1" minCyclomaticComplexity="1" visitedClasses="0" numClasses="0" visitedMethods="1" numMethods="1" />
              <MetadataToken>100663372</MetadataToken>
              <Name>System.String Multiformats.Base.Base2Encoding/&lt;&gt;c::&lt;Encode&gt;b__3_0(System.Byte)</Name>
              <FileRef uid="6" />
              <SequencePoints>
                <SequencePoint vc="143" uspid="53" ordinal="0" offset="0" sl="13" sc="134" el="13" ec="156" bec="0" bev="0" fileid="6" />
              </SequencePoints>
              <BranchPoints />
              <MethodPoint xsi:type="SequencePoint" vc="143" uspid="53" ordinal="0" offset="0" sl="13" sc="134" el="13" ec="156" bec="0" bev="0" fileid="6" />
            </Method>
            <Method visited="true" cyclomaticComplexity="1" nPathComplexity="0" sequenceCoverage="100" branchCoverage="100" isConstructor="false" isStatic="false" isGetter="false" isSetter="false">
              <Summary numSequencePoints="1" visitedSequencePoints="1" numBranchPoints="1" visitedBranchPoints="1" sequenceCoverage="100" branchCoverage="100" maxCyclomaticComplexity="1" minCyclomaticComplexity="1" visitedClasses="0" numClasses="0" visitedMethods="1" numMethods="1" />
              <MetadataToken>100663373</MetadataToken>
              <Name>System.Byte Multiformats.Base.Base2Encoding/&lt;&gt;c::&lt;Decode&gt;b__5_0(System.String)</Name>
              <FileRef uid="6" />
              <SequencePoints>
                <SequencePoint vc="143" uspid="54" ordinal="0" offset="0" sl="16" sc="107" el="16" ec="127" bec="0" bev="0" fileid="6" />
              </SequencePoints>
              <BranchPoints />
              <MethodPoint xsi:type="SequencePoint" vc="143" uspid="54" ordinal="0" offset="0" sl="16" sc="107" el="16" ec="127" bec="0" bev="0" fileid="6" />
            </Method>
          </Methods>
        </Class>
        <Class>
          <Summary numSequencePoints="33" visitedSequencePoints="29" numBranchPoints="51" visitedBranchPoints="40" sequenceCoverage="87.88" branchCoverage="78.43" maxCyclomaticComplexity="17" minCyclomaticComplexity="1" visitedClasses="1" numClasses="1" visitedMethods="8" numMethods="9" />
          <FullName>Multiformats.Base.Base32Encoding</FullName>
          <Methods>
            <Method visited="true" cyclomaticComplexity="1" nPathComplexity="0" sequenceCoverage="100" branchCoverage="100" isConstructor="false" isStatic="false" isGetter="true" isSetter="false">
              <Summary numSequencePoints="1" visitedSequencePoints="1" numBranchPoints="1" visitedBranchPoints="1" sequenceCoverage="100" branchCoverage="100" maxCyclomaticComplexity="1" minCyclomaticComplexity="1" visitedClasses="0" numClasses="0" visitedMethods="1" numMethods="1" />
              <MetadataToken>100663314</MetadataToken>
              <Name>System.Char[] Multiformats.Base.Base32Encoding::get_Identifiers()</Name>
              <FileRef uid="8" />
              <SequencePoints>
                <SequencePoint vc="32" uspid="55" ordinal="0" offset="0" sl="9" sc="47" el="9" ec="100" bec="0" bev="0" fileid="8" />
              </SequencePoints>
              <BranchPoints />
              <MethodPoint xsi:type="SequencePoint" vc="32" uspid="55" ordinal="0" offset="0" sl="9" sc="47" el="9" ec="100" bec="0" bev="0" fileid="8" />
            </Method>
            <Method visited="false" cyclomaticComplexity="1" nPathComplexity="0" sequenceCoverage="0" branchCoverage="0" isConstructor="false" isStatic="false" isGetter="true" isSetter="false">
              <Summary numSequencePoints="1" visitedSequencePoints="0" numBranchPoints="1" visitedBranchPoints="0" sequenceCoverage="0" branchCoverage="0" maxCyclomaticComplexity="1" minCyclomaticComplexity="1" visitedClasses="0" numClasses="0" visitedMethods="0" numMethods="1" />
              <MetadataToken>100663315</MetadataToken>
              <Name>System.Char Multiformats.Base.Base32Encoding::get_DefaultIdentifier()</Name>
              <FileRef uid="8" />
              <SequencePoints>
                <SequencePoint vc="0" uspid="56" ordinal="0" offset="0" sl="10" sc="51" el="10" ec="65" bec="0" bev="0" fileid="8" />
              </SequencePoints>
              <BranchPoints />
              <MethodPoint xsi:type="SequencePoint" vc="0" uspid="56" ordinal="0" offset="0" sl="10" sc="51" el="10" ec="65" bec="0" bev="0" fileid="8" />
            </Method>
            <Method visited="true" cyclomaticComplexity="1" nPathComplexity="0" sequenceCoverage="100" branchCoverage="100" isConstructor="false" isStatic="false" isGetter="false" isSetter="false">
              <Summary numSequencePoints="1" visitedSequencePoints="1" numBranchPoints="1" visitedBranchPoints="1" sequenceCoverage="100" branchCoverage="100" maxCyclomaticComplexity="1" minCyclomaticComplexity="1" visitedClasses="0" numClasses="0" visitedMethods="1" numMethods="1" />
              <MetadataToken>100663316</MetadataToken>
              <Name>System.String Multiformats.Base.Base32Encoding::Encode(System.Byte[])</Name>
              <FileRef uid="8" />
              <SequencePoints>
                <SequencePoint vc="2" uspid="57" ordinal="0" offset="0" sl="14" sc="55" el="14" ec="74" bec="0" bev="0" fileid="8" />
              </SequencePoints>
              <BranchPoints />
              <MethodPoint xsi:type="SequencePoint" vc="2" uspid="57" ordinal="0" offset="0" sl="14" sc="55" el="14" ec="74" bec="0" bev="0" fileid="8" />
            </Method>
            <Method visited="true" cyclomaticComplexity="3" nPathComplexity="4" sequenceCoverage="100" branchCoverage="100" isConstructor="false" isStatic="false" isGetter="false" isSetter="false">
              <Summary numSequencePoints="5" visitedSequencePoints="5" numBranchPoints="5" visitedBranchPoints="5" sequenceCoverage="100" branchCoverage="100" maxCyclomaticComplexity="3" minCyclomaticComplexity="3" visitedClasses="0" numClasses="0" visitedMethods="1" numMethods="1" />
              <MetadataToken>100663317</MetadataToken>
              <Name>System.String Multiformats.Base.Base32Encoding::Encode(System.Byte[],System.Boolean,System.Boolean,System.Boolean,System.Boolean)</Name>
              <FileRef uid="8" />
              <SequencePoints>
                <SequencePoint vc="10" uspid="58" ordinal="0" offset="0" sl="27" sc="13" el="27" ec="23" bec="2" bev="2" fileid="8" />
                <SequencePoint vc="2" uspid="59" ordinal="1" offset="4" sl="28" sc="17" el="28" ec="44" bec="0" bev="0" fileid="8" />
                <SequencePoint vc="8" uspid="60" ordinal="2" offset="12" sl="30" sc="13" el="30" ec="21" bec="2" bev="2" fileid="8" />
                <SequencePoint vc="4" uspid="61" ordinal="3" offset="16" sl="31" sc="17" el="31" ec="60" bec="0" bev="0" fileid="8" />
                <SequencePoint vc="4" uspid="62" ordinal="4" offset="26" sl="33" sc="13" el="33" ec="59" bec="0" bev="0" fileid="8" />
              </SequencePoints>
              <BranchPoints>
                <BranchPoint vc="2" uspid="63" ordinal="0" offset="2" sl="27" path="0" offsetend="4" fileid="8" />
                <BranchPoint vc="8" uspid="64" ordinal="1" offset="2" sl="27" path="1" offsetend="12" fileid="8" />
                <BranchPoint vc="4" uspid="65" ordinal="2" offset="14" sl="30" path="0" offsetend="16" fileid="8" />
                <BranchPoint vc="4" uspid="66" ordinal="3" offset="14" sl="30" path="1" offsetend="26" fileid="8" />
              </BranchPoints>
              <MethodPoint xsi:type="SequencePoint" vc="10" uspid="58" ordinal="0" offset="0" sl="27" sc="13" el="27" ec="23" bec="2" bev="2" fileid="8" />
            </Method>
            <Method visited="true" cyclomaticComplexity="1" nPathComplexity="0" sequenceCoverage="100" branchCoverage="100" isConstructor="false" isStatic="false" isGetter="false" isSetter="false">
              <Summary numSequencePoints="1" visitedSequencePoints="1" numBranchPoints="1" visitedBranchPoints="1" sequenceCoverage="100" branchCoverage="100" maxCyclomaticComplexity="1" minCyclomaticComplexity="1" visitedClasses="0" numClasses="0" visitedMethods="1" numMethods="1" />
              <MetadataToken>100663318</MetadataToken>
              <Name>System.String Multiformats.Base.Base32Encoding::EncodeZBase32(System.Byte[])</Name>
              <FileRef uid="8" />
              <SequencePoints>
                <SequencePoint vc="2" uspid="67" ordinal="0" offset="0" sl="38" sc="13" el="38" ec="61" bec="0" bev="0" fileid="8" />
              </SequencePoints>
              <BranchPoints />
              <MethodPoint xsi:type="SequencePoint" vc="2" uspid="67" ordinal="0" offset="0" sl="38" sc="13" el="38" ec="61" bec="0" bev="0" fileid="8" />
            </Method>
            <Method visited="true" cyclomaticComplexity="5" nPathComplexity="8" sequenceCoverage="100" branchCoverage="100" isConstructor="false" isStatic="false" isGetter="false" isSetter="false">
              <Summary numSequencePoints="5" visitedSequencePoints="5" numBranchPoints="7" visitedBranchPoints="7" sequenceCoverage="100" branchCoverage="100" maxCyclomaticComplexity="5" minCyclomaticComplexity="5" visitedClasses="0" numClasses="0" visitedMethods="1" numMethods="1" />
              <MetadataToken>100663319</MetadataToken>
              <Name>System.String Multiformats.Base.Base32Encoding::EncodeBase32(System.Byte[],System.Boolean,System.Boolean)</Name>
              <FileRef uid="8" />
              <SequencePoints>
                <SequencePoint vc="4" uspid="68" ordinal="0" offset="0" sl="43" sc="13" el="43" ec="42" bec="2" bev="2" fileid="8" />
                <SequencePoint vc="4" uspid="69" ordinal="1" offset="10" sl="44" sc="13" el="44" ec="27" bec="2" bev="2" fileid="8" />
                <SequencePoint vc="3" uspid="70" ordinal="2" offset="13" sl="45" sc="17" el="45" ec="39" bec="0" bev="0" fileid="8" />
                <SequencePoint vc="4" uspid="71" ordinal="3" offset="20" sl="47" sc="13" el="47" ec="64" bec="0" bev="0" fileid="8" />
                <SequencePoint vc="4" uspid="72" ordinal="4" offset="33" sl="48" sc="13" el="48" ec="77" bec="2" bev="2" fileid="8" />
              </SequencePoints>
              <BranchPoints>
                <BranchPoint vc="2" uspid="73" ordinal="0" offset="1" sl="43" path="0" offsetend="3" fileid="8" />
                <BranchPoint vc="2" uspid="74" ordinal="1" offset="1" sl="43" path="1" offsetend="7" fileid="8" />
                <BranchPoint vc="3" uspid="75" ordinal="2" offset="11" sl="44" path="0" offsetend="13" fileid="8" />
                <BranchPoint vc="1" uspid="76" ordinal="3" offset="11" sl="44" path="1" offsetend="20" fileid="8" />
                <BranchPoint vc="1" uspid="77" ordinal="4" offset="41" sl="48" path="0" offsetend="43" fileid="8" />
                <BranchPoint vc="3" uspid="78" ordinal="5" offset="41" sl="48" path="1" offsetend="51" fileid="8" />
              </BranchPoints>
              <MethodPoint xsi:type="SequencePoint" vc="4" uspid="68" ordinal="0" offset="0" sl="43" sc="13" el="43" ec="42" bec="2" bev="2" fileid="8" />
            </Method>
            <Method visited="true" cyclomaticComplexity="5" nPathComplexity="8" sequenceCoverage="100" branchCoverage="71.43" isConstructor="false" isStatic="false" isGetter="false" isSetter="false">
              <Summary numSequencePoints="5" visitedSequencePoints="5" numBranchPoints="7" visitedBranchPoints="5" sequenceCoverage="100" branchCoverage="71.43" maxCyclomaticComplexity="5" minCyclomaticComplexity="5" visitedClasses="0" numClasses="0" visitedMethods="1" numMethods="1" />
              <MetadataToken>100663320</MetadataToken>
              <Name>System.String Multiformats.Base.Base32Encoding::EncodeHex(System.Byte[],System.Boolean,System.Boolean)</Name>
              <FileRef uid="8" />
              <SequencePoints>
                <SequencePoint vc="4" uspid="79" ordinal="0" offset="0" sl="53" sc="13" el="53" ec="42" bec="2" bev="2" fileid="8" />
                <SequencePoint vc="4" uspid="80" ordinal="1" offset="10" sl="54" sc="13" el="54" ec="27" bec="2" bev="1" fileid="8" />
                <SequencePoint vc="4" uspid="81" ordinal="2" offset="13" sl="55" sc="17" el="55" ec="39" bec="0" bev="0" fileid="8" />
                <SequencePoint vc="4" uspid="82" ordinal="3" offset="20" sl="57" sc="13" el="57" ec="68" bec="0" bev="0" fileid="8" />
                <SequencePoint vc="4" uspid="83" ordinal="4" offset="33" sl="58" sc="13" el="58" ec="77" bec="2" bev="1" fileid="8" />
              </SequencePoints>
              <BranchPoints>
                <BranchPoint vc="2" uspid="84" ordinal="0" offset="1" sl="53" path="0" offsetend="3" fileid="8" />
                <BranchPoint vc="2" uspid="85" ordinal="1" offset="1" sl="53" path="1" offsetend="7" fileid="8" />
                <BranchPoint vc="4" uspid="86" ordinal="2" offset="11" sl="54" path="0" offsetend="13" fileid="8" />
                <BranchPoint vc="0" uspid="87" ordinal="3" offset="11" sl="54" path="1" offsetend="20" fileid="8" />
                <BranchPoint vc="0" uspid="88" ordinal="4" offset="41" sl="58" path="0" offsetend="43" fileid="8" />
                <BranchPoint vc="4" uspid="89" ordinal="5" offset="41" sl="58" path="1" offsetend="51" fileid="8" />
              </BranchPoints>
              <MethodPoint xsi:type="SequencePoint" vc="4" uspid="79" ordinal="0" offset="0" sl="53" sc="13" el="53" ec="42" bec="2" bev="2" fileid="8" />
            </Method>
            <Method visited="true" cyclomaticComplexity="17" nPathComplexity="8192" sequenceCoverage="76.92" branchCoverage="70.37" isConstructor="false" isStatic="false" isGetter="false" isSetter="false">
              <Summary numSequencePoints="13" visitedSequencePoints="10" numBranchPoints="27" visitedBranchPoints="19" sequenceCoverage="76.92" branchCoverage="70.37" maxCyclomaticComplexity="17" minCyclomaticComplexity="17" visitedClasses="0" numClasses="0" visitedMethods="1" numMethods="1" />
              <MetadataToken>100663321</MetadataToken>
              <Name>System.Byte[] Multiformats.Base.Base32Encoding::Decode(System.String)</Name>
              <FileRef uid="8" />
              <SequencePoints>
                <SequencePoint vc="10" uspid="90" ordinal="0" offset="0" sl="64" sc="13" el="64" ec="29" bec="0" bev="0" fileid="8" />
                <SequencePoint vc="10" uspid="91" ordinal="1" offset="8" sl="65" sc="13" el="65" ec="36" bec="0" bev="0" fileid="8" />
                <SequencePoint vc="10" uspid="92" ordinal="2" offset="17" sl="67" sc="13" el="67" ec="59" bec="3" bev="2" fileid="8" />
                <SequencePoint vc="0" uspid="93" ordinal="3" offset="45" sl="68" sc="17" el="68" ec="88" bec="0" bev="0" fileid="8" />
                <SequencePoint vc="10" uspid="94" ordinal="4" offset="56" sl="70" sc="13" el="70" ec="59" bec="3" bev="2" fileid="8" />
                <SequencePoint vc="0" uspid="95" ordinal="5" offset="84" sl="71" sc="17" el="71" ec="88" bec="0" bev="0" fileid="8" />
                <SequencePoint vc="10" uspid="96" ordinal="6" offset="95" sl="73" sc="13" el="73" ec="24" bec="11" bev="8" fileid="8" />
                <SequencePoint vc="2" uspid="97" ordinal="7" offset="161" sl="77" sc="21" el="77" ec="59" bec="0" bev="0" fileid="8" />
                <SequencePoint vc="2" uspid="98" ordinal="8" offset="173" sl="80" sc="21" el="80" ec="59" bec="0" bev="0" fileid="8" />
                <SequencePoint vc="2" uspid="99" ordinal="9" offset="185" sl="83" sc="21" el="83" ec="55" bec="0" bev="0" fileid="8" />
                <SequencePoint vc="2" uspid="100" ordinal="10" offset="197" sl="86" sc="21" el="86" ec="55" bec="0" bev="0" fileid="8" />
                <SequencePoint vc="2" uspid="101" ordinal="11" offset="209" sl="88" sc="21" el="88" ec="55" bec="0" bev="0" fileid="8" />
                <SequencePoint vc="0" uspid="102" ordinal="12" offset="227" sl="90" sc="21" el="90" ec="91" bec="0" bev="0" fileid="8" />
              </SequencePoints>
              <BranchPoints>
                <BranchPoint vc="7" uspid="103" ordinal="0" offset="23" sl="67" path="0" offsetend="25" fileid="8" />
                <BranchPoint vc="3" uspid="104" ordinal="1" offset="23" sl="67" path="1" offsetend="56" fileid="8" />
                <BranchPoint vc="0" uspid="105" ordinal="2" offset="43" sl="67" path="0" offsetend="45" fileid="8" />
                <BranchPoint vc="10" uspid="106" ordinal="3" offset="43" sl="67" path="1" offsetend="56" fileid="8" />
                <BranchPoint vc="3" uspid="107" ordinal="4" offset="62" sl="70" path="0" offsetend="64" fileid="8" />
                <BranchPoint vc="7" uspid="108" ordinal="5" offset="62" sl="70" path="1" offsetend="95" fileid="8" />
                <BranchPoint vc="0" uspid="109" ordinal="6" offset="82" sl="70" path="0" offsetend="84" fileid="8" />
                <BranchPoint vc="10" uspid="110" ordinal="7" offset="82" sl="70" path="1" offsetend="95" fileid="8" />
                <BranchPoint vc="1" uspid="115" ordinal="12" offset="108" sl="73" path="0" offsetend="110" fileid="8" />
                <BranchPoint vc="2" uspid="116" ordinal="13" offset="108" sl="73" path="1" offsetend="185" fileid="8" />
                <BranchPoint vc="0" uspid="117" ordinal="14" offset="113" sl="73" path="0" offsetchain="115" offsetend="227" fileid="8" />
                <BranchPoint vc="1" uspid="118" ordinal="15" offset="113" sl="73" path="1" offsetend="197" fileid="8" />
                <BranchPoint vc="2" uspid="119" ordinal="16" offset="120" sl="73" path="0" offsetend="122" fileid="8" />
                <BranchPoint vc="2" uspid="120" ordinal="17" offset="120" sl="73" path="1" offsetend="173" fileid="8" />
                <BranchPoint vc="0" uspid="121" ordinal="18" offset="125" sl="73" path="0" offsetchain="127" offsetend="227" fileid="8" />
                <BranchPoint vc="2" uspid="122" ordinal="19" offset="125" sl="73" path="1" offsetend="161" fileid="8" />
                <BranchPoint vc="1" uspid="125" ordinal="22" offset="137" sl="73" path="0" offsetend="139" fileid="8" />
                <BranchPoint vc="2" uspid="126" ordinal="23" offset="137" sl="73" path="1" offsetend="185" fileid="8" />
                <BranchPoint vc="0" uspid="127" ordinal="24" offset="142" sl="73" path="0" offsetchain="144" offsetend="227" fileid="8" />
                <BranchPoint vc="2" uspid="128" ordinal="25" offset="142" sl="73" path="1" offsetend="197" fileid="8" />
                <BranchPoint vc="0" uspid="129" ordinal="26" offset="149" sl="73" path="0" offsetend="151" fileid="8" />
                <BranchPoint vc="2" uspid="130" ordinal="27" offset="149" sl="73" path="1" offsetend="209" fileid="8" />
                <BranchPoint vc="0" uspid="131" ordinal="28" offset="154" sl="73" path="0" offsetend="156" fileid="8" />
                <BranchPoint vc="2" uspid="132" ordinal="29" offset="154" sl="73" path="1" offsetend="173" fileid="8" />
                <BranchPoint vc="2" uspid="133" ordinal="30" offset="159" sl="73" path="0" offsetend="161" fileid="8" />
                <BranchPoint vc="0" uspid="134" ordinal="31" offset="159" sl="73" path="1" offsetend="227" fileid="8" />
              </BranchPoints>
              <MethodPoint xsi:type="SequencePoint" vc="10" uspid="90" ordinal="0" offset="0" sl="64" sc="13" el="64" ec="29" bec="0" bev="0" fileid="8" />
            </Method>
            <Method visited="true" cyclomaticComplexity="2" nPathComplexity="0" sequenceCoverage="100" branchCoverage="100" isConstructor="true" isStatic="false" isGetter="false" isSetter="false">
              <Summary numSequencePoints="1" visitedSequencePoints="1" numBranchPoints="1" visitedBranchPoints="1" sequenceCoverage="100" branchCoverage="100" maxCyclomaticComplexity="2" minCyclomaticComplexity="2" visitedClasses="0" numClasses="0" visitedMethods="1" numMethods="1" />
              <MetadataToken>100663322</MetadataToken>
              <Name>System.Void Multiformats.Base.Base32Encoding::.ctor()</Name>
              <FileRef uid="8" />
              <SequencePoints>
                <SequencePoint vc="1" uspid="135" ordinal="0" offset="0" sl="12" sc="9" el="12" ec="141" bec="0" bev="0" fileid="8" />
              </SequencePoints>
              <BranchPoints />
              <MethodPoint xsi:type="SequencePoint" vc="1" uspid="135" ordinal="0" offset="0" sl="12" sc="9" el="12" ec="141" bec="0" bev="0" fileid="8" />
            </Method>
          </Methods>
        </Class>
        <Class>
          <Summary numSequencePoints="1" visitedSequencePoints="1" numBranchPoints="1" visitedBranchPoints="1" sequenceCoverage="100" branchCoverage="100" maxCyclomaticComplexity="1" minCyclomaticComplexity="1" visitedClasses="1" numClasses="1" visitedMethods="1" numMethods="1" />
          <FullName>Multiformats.Base.Base32Encoding/&lt;&gt;c</FullName>
          <Methods>
            <Method visited="true" cyclomaticComplexity="1" nPathComplexity="0" sequenceCoverage="0" branchCoverage="0" isConstructor="true" isStatic="true" isGetter="false" isSetter="false">
              <Summary numSequencePoints="0" visitedSequencePoints="0" numBranchPoints="0" visitedBranchPoints="0" sequenceCoverage="0" branchCoverage="0" maxCyclomaticComplexity="1" minCyclomaticComplexity="1" visitedClasses="0" numClasses="0" visitedMethods="0" numMethods="0" />
              <MetadataToken>100663374</MetadataToken>
              <Name>System.Void Multiformats.Base.Base32Encoding/&lt;&gt;c::.cctor()</Name>
              <SequencePoints />
              <BranchPoints />
              <MethodPoint vc="1" uspid="138" ordinal="0" offset="0" />
            </Method>
            <Method visited="true" cyclomaticComplexity="1" nPathComplexity="0" sequenceCoverage="0" branchCoverage="0" isConstructor="true" isStatic="false" isGetter="false" isSetter="false">
              <Summary numSequencePoints="0" visitedSequencePoints="0" numBranchPoints="0" visitedBranchPoints="0" sequenceCoverage="0" branchCoverage="0" maxCyclomaticComplexity="1" minCyclomaticComplexity="1" visitedClasses="0" numClasses="0" visitedMethods="0" numMethods="0" />
              <MetadataToken>100663375</MetadataToken>
              <Name>System.Void Multiformats.Base.Base32Encoding/&lt;&gt;c::.ctor()</Name>
              <SequencePoints />
              <BranchPoints />
              <MethodPoint vc="1" uspid="139" ordinal="0" offset="0" />
            </Method>
            <Method visited="true" cyclomaticComplexity="1" nPathComplexity="0" sequenceCoverage="100" branchCoverage="100" isConstructor="false" isStatic="false" isGetter="false" isSetter="false">
              <Summary numSequencePoints="1" visitedSequencePoints="1" numBranchPoints="1" visitedBranchPoints="1" sequenceCoverage="100" branchCoverage="100" maxCyclomaticComplexity="1" minCyclomaticComplexity="1" visitedClasses="0" numClasses="0" visitedMethods="1" numMethods="1" />
              <MetadataToken>100663376</MetadataToken>
              <Name>SimpleBase.Base32 Multiformats.Base.Base32Encoding/&lt;&gt;c::&lt;.ctor&gt;b__11_0()</Name>
              <FileRef uid="8" />
              <SequencePoints>
                <SequencePoint vc="1" uspid="140" ordinal="0" offset="0" sl="12" sc="73" el="12" ec="139" bec="0" bev="0" fileid="8" />
              </SequencePoints>
              <BranchPoints />
              <MethodPoint xsi:type="SequencePoint" vc="1" uspid="140" ordinal="0" offset="0" sl="12" sc="73" el="12" ec="139" bec="0" bev="0" fileid="8" />
            </Method>
          </Methods>
        </Class>
        <Class>
          <Summary numSequencePoints="27" visitedSequencePoints="25" numBranchPoints="21" visitedBranchPoints="19" sequenceCoverage="92.59" branchCoverage="90.48" maxCyclomaticComplexity="4" minCyclomaticComplexity="1" visitedClasses="1" numClasses="1" visitedMethods="8" numMethods="9" />
          <FullName>Multiformats.Base.Base58Encoding</FullName>
          <Methods>
            <Method visited="true" cyclomaticComplexity="1" nPathComplexity="0" sequenceCoverage="100" branchCoverage="100" isConstructor="false" isStatic="false" isGetter="true" isSetter="false">
              <Summary numSequencePoints="1" visitedSequencePoints="1" numBranchPoints="1" visitedBranchPoints="1" sequenceCoverage="100" branchCoverage="100" maxCyclomaticComplexity="1" minCyclomaticComplexity="1" visitedClasses="0" numClasses="0" visitedMethods="1" numMethods="1" />
              <MetadataToken>100663323</MetadataToken>
              <Name>System.Char[] Multiformats.Base.Base58Encoding::get_Identifiers()</Name>
              <FileRef uid="10" />
              <SequencePoints>
                <SequencePoint vc="32" uspid="141" ordinal="0" offset="0" sl="17" sc="47" el="17" ec="65" bec="0" bev="0" fileid="10" />
              </SequencePoints>
              <BranchPoints />
              <MethodPoint xsi:type="SequencePoint" vc="32" uspid="141" ordinal="0" offset="0" sl="17" sc="47" el="17" ec="65" bec="0" bev="0" fileid="10" />
            </Method>
            <Method visited="false" cyclomaticComplexity="1" nPathComplexity="0" sequenceCoverage="0" branchCoverage="0" isConstructor="false" isStatic="false" isGetter="true" isSetter="false">
              <Summary numSequencePoints="1" visitedSequencePoints="0" numBranchPoints="1" visitedBranchPoints="0" sequenceCoverage="0" branchCoverage="0" maxCyclomaticComplexity="1" minCyclomaticComplexity="1" visitedClasses="0" numClasses="0" visitedMethods="0" numMethods="1" />
              <MetadataToken>100663324</MetadataToken>
              <Name>System.Char Multiformats.Base.Base58Encoding::get_DefaultIdentifier()</Name>
              <FileRef uid="10" />
              <SequencePoints>
                <SequencePoint vc="0" uspid="142" ordinal="0" offset="0" sl="18" sc="51" el="18" ec="65" bec="0" bev="0" fileid="10" />
              </SequencePoints>
              <BranchPoints />
              <MethodPoint xsi:type="SequencePoint" vc="0" uspid="142" ordinal="0" offset="0" sl="18" sc="51" el="18" ec="65" bec="0" bev="0" fileid="10" />
            </Method>
            <Method visited="true" cyclomaticComplexity="1" nPathComplexity="0" sequenceCoverage="100" branchCoverage="100" isConstructor="false" isStatic="false" isGetter="false" isSetter="false">
              <Summary numSequencePoints="1" visitedSequencePoints="1" numBranchPoints="1" visitedBranchPoints="1" sequenceCoverage="100" branchCoverage="100" maxCyclomaticComplexity="1" minCyclomaticComplexity="1" visitedClasses="0" numClasses="0" visitedMethods="1" numMethods="1" />
              <MetadataToken>100663325</MetadataToken>
              <Name>System.String Multiformats.Base.Base58Encoding::Encode(System.Byte[])</Name>
              <FileRef uid="10" />
              <SequencePoints>
                <SequencePoint vc="2" uspid="143" ordinal="0" offset="0" sl="20" sc="55" el="20" ec="91" bec="0" bev="0" fileid="10" />
              </SequencePoints>
              <BranchPoints />
              <MethodPoint xsi:type="SequencePoint" vc="2" uspid="143" ordinal="0" offset="0" sl="20" sc="55" el="20" ec="91" bec="0" bev="0" fileid="10" />
            </Method>
            <Method visited="true" cyclomaticComplexity="4" nPathComplexity="2" sequenceCoverage="100" branchCoverage="100" isConstructor="false" isStatic="false" isGetter="false" isSetter="false">
              <Summary numSequencePoints="1" visitedSequencePoints="1" numBranchPoints="3" visitedBranchPoints="3" sequenceCoverage="100" branchCoverage="100" maxCyclomaticComplexity="4" minCyclomaticComplexity="4" visitedClasses="0" numClasses="0" visitedMethods="1" numMethods="1" />
              <MetadataToken>100663326</MetadataToken>
              <Name>System.String Multiformats.Base.Base58Encoding::Encode(System.Byte[],Multiformats.Base.Base58Alphabet)</Name>
              <FileRef uid="10" />
              <SequencePoints>
                <SequencePoint vc="4" uspid="144" ordinal="0" offset="0" sl="30" sc="13" el="33" ec="64" bec="2" bev="2" fileid="10" />
              </SequencePoints>
              <BranchPoints>
                <BranchPoint vc="2" uspid="145" ordinal="0" offset="1" sl="30" path="0" offsetend="3" fileid="10" />
                <BranchPoint vc="2" uspid="146" ordinal="1" offset="1" sl="30" path="1" offsetend="7" fileid="10" />
              </BranchPoints>
              <MethodPoint xsi:type="SequencePoint" vc="4" uspid="144" ordinal="0" offset="0" sl="30" sc="13" el="33" ec="64" bec="2" bev="2" fileid="10" />
            </Method>
            <Method visited="true" cyclomaticComplexity="3" nPathComplexity="4" sequenceCoverage="83.33" branchCoverage="80" isConstructor="false" isStatic="false" isGetter="false" isSetter="false">
              <Summary numSequencePoints="6" visitedSequencePoints="5" numBranchPoints="5" visitedBranchPoints="4" sequenceCoverage="83.33" branchCoverage="80" maxCyclomaticComplexity="3" minCyclomaticComplexity="3" visitedClasses="0" numClasses="0" visitedMethods="1" numMethods="1" />
              <MetadataToken>100663327</MetadataToken>
              <Name>System.Byte[] Multiformats.Base.Base58Encoding::Decode(System.String)</Name>
              <FileRef uid="10" />
              <SequencePoints>
                <SequencePoint vc="4" uspid="149" ordinal="0" offset="0" sl="38" sc="13" el="38" ec="29" bec="0" bev="0" fileid="10" />
                <SequencePoint vc="4" uspid="150" ordinal="1" offset="8" sl="39" sc="13" el="39" ec="36" bec="0" bev="0" fileid="10" />
                <SequencePoint vc="4" uspid="151" ordinal="2" offset="17" sl="41" sc="13" el="41" ec="24" bec="4" bev="3" fileid="10" />
                <SequencePoint vc="2" uspid="152" ordinal="3" offset="29" sl="44" sc="21" el="44" ec="64" bec="0" bev="0" fileid="10" />
                <SequencePoint vc="2" uspid="153" ordinal="4" offset="41" sl="46" sc="21" el="46" ec="65" bec="0" bev="0" fileid="10" />
                <SequencePoint vc="0" uspid="154" ordinal="5" offset="53" sl="48" sc="21" el="48" ec="86" bec="0" bev="0" fileid="10" />
              </SequencePoints>
              <BranchPoints>
                <BranchPoint vc="2" uspid="155" ordinal="0" offset="20" sl="41" path="0" offsetend="22" fileid="10" />
                <BranchPoint vc="2" uspid="156" ordinal="1" offset="20" sl="41" path="1" offsetend="29" fileid="10" />
                <BranchPoint vc="0" uspid="157" ordinal="2" offset="25" sl="41" path="0" offsetchain="27" offsetend="53" fileid="10" />
                <BranchPoint vc="2" uspid="158" ordinal="3" offset="25" sl="41" path="1" offsetend="41" fileid="10" />
              </BranchPoints>
              <MethodPoint xsi:type="SequencePoint" vc="4" uspid="149" ordinal="0" offset="0" sl="38" sc="13" el="38" ec="29" bec="0" bev="0" fileid="10" />
            </Method>
            <Method visited="true" cyclomaticComplexity="3" nPathComplexity="0" sequenceCoverage="100" branchCoverage="100" isConstructor="false" isStatic="true" isGetter="false" isSetter="false">
              <Summary numSequencePoints="1" visitedSequencePoints="1" numBranchPoints="1" visitedBranchPoints="1" sequenceCoverage="100" branchCoverage="100" maxCyclomaticComplexity="3" minCyclomaticComplexity="3" visitedClasses="0" numClasses="0" visitedMethods="1" numMethods="1" />
              <MetadataToken>100663328</MetadataToken>
              <Name>System.String Multiformats.Base.Base58Encoding::EncodeAlphabet(System.Byte[],System.String)</Name>
              <FileRef uid="10" />
              <SequencePoints>
                <SequencePoint vc="4" uspid="159" ordinal="0" offset="13" sl="57" sc="13" el="64" ec="37" bec="0" bev="0" fileid="10" />
              </SequencePoints>
              <BranchPoints />
              <MethodPoint vc="4" uspid="164" ordinal="0" offset="0" />
            </Method>
            <Method visited="true" cyclomaticComplexity="1" nPathComplexity="0" sequenceCoverage="0" branchCoverage="0" isConstructor="false" isStatic="true" isGetter="false" isSetter="false">
              <Summary numSequencePoints="0" visitedSequencePoints="0" numBranchPoints="0" visitedBranchPoints="0" sequenceCoverage="0" branchCoverage="0" maxCyclomaticComplexity="1" minCyclomaticComplexity="1" visitedClasses="0" numClasses="0" visitedMethods="0" numMethods="0" />
              <MetadataToken>100663329</MetadataToken>
              <Name>System.Collections.Generic.IEnumerable`1&lt;System.Char&gt; Multiformats.Base.Base58Encoding::ParseBigInt(System.Numerics.BigInteger,System.String)</Name>
              <SequencePoints />
              <BranchPoints />
              <MethodPoint vc="4" uspid="165" ordinal="0" offset="0" />
            </Method>
            <Method visited="true" cyclomaticComplexity="3" nPathComplexity="2" sequenceCoverage="100" branchCoverage="100" isConstructor="false" isStatic="true" isGetter="false" isSetter="false">
              <Summary numSequencePoints="6" visitedSequencePoints="6" numBranchPoints="3" visitedBranchPoints="3" sequenceCoverage="100" branchCoverage="100" maxCyclomaticComplexity="3" minCyclomaticComplexity="3" visitedClasses="0" numClasses="0" visitedMethods="1" numMethods="1" />
              <MetadataToken>100663330</MetadataToken>
              <Name>System.Byte[] Multiformats.Base.Base58Encoding::CreateDecodeMap(System.String)</Name>
              <FileRef uid="10" />
              <SequencePoints>
                <SequencePoint vc="2" uspid="166" ordinal="0" offset="0" sl="82" sc="13" el="82" ec="82" bec="0" bev="0" fileid="10" />
                <SequencePoint vc="2" uspid="167" ordinal="1" offset="53" sl="83" sc="18" el="83" ec="27" bec="0" bev="0" fileid="10" />
                <SequencePoint vc="116" uspid="168" ordinal="2" offset="57" sl="84" sc="17" el="84" ec="44" bec="0" bev="0" fileid="10" />
                <SequencePoint vc="116" uspid="169" ordinal="3" offset="68" sl="83" sc="50" el="83" ec="53" bec="0" bev="0" fileid="10" />
                <SequencePoint vc="118" uspid="170" ordinal="4" offset="72" sl="83" sc="29" el="83" ec="48" bec="2" bev="2" fileid="10" />
                <SequencePoint vc="2" uspid="171" ordinal="5" offset="81" sl="85" sc="13" el="85" ec="24" bec="0" bev="0" fileid="10" />
              </SequencePoints>
              <BranchPoints>
                <BranchPoint vc="2" uspid="174" ordinal="2" offset="79" sl="83" path="0" offsetend="81" fileid="10" />
                <BranchPoint vc="116" uspid="175" ordinal="3" offset="79" sl="83" path="1" offsetend="57" fileid="10" />
              </BranchPoints>
              <MethodPoint xsi:type="SequencePoint" vc="2" uspid="166" ordinal="0" offset="0" sl="82" sc="13" el="82" ec="82" bec="0" bev="0" fileid="10" />
            </Method>
            <Method visited="true" cyclomaticComplexity="3" nPathComplexity="4" sequenceCoverage="100" branchCoverage="100" isConstructor="false" isStatic="true" isGetter="false" isSetter="false">
              <Summary numSequencePoints="7" visitedSequencePoints="7" numBranchPoints="5" visitedBranchPoints="5" sequenceCoverage="100" branchCoverage="100" maxCyclomaticComplexity="3" minCyclomaticComplexity="3" visitedClasses="0" numClasses="0" visitedMethods="1" numMethods="1" />
              <MetadataToken>100663331</MetadataToken>
              <Name>System.Byte[] Multiformats.Base.Base58Encoding::GetDecodeMap(System.String)</Name>
              <FileRef uid="10" />
              <SequencePoints>
                <SequencePoint vc="4" uspid="176" ordinal="0" offset="0" sl="90" sc="13" el="90" ec="36" bec="2" bev="2" fileid="10" />
                <SequencePoint vc="1" uspid="177" ordinal="1" offset="7" sl="91" sc="17" el="91" ec="63" bec="0" bev="0" fileid="10" />
                <SequencePoint vc="4" uspid="178" ordinal="2" offset="17" sl="94" sc="13" el="94" ec="59" bec="2" bev="2" fileid="10" />
                <SequencePoint vc="2" uspid="179" ordinal="3" offset="32" sl="95" sc="17" el="95" ec="28" bec="0" bev="0" fileid="10" />
                <SequencePoint vc="2" uspid="180" ordinal="4" offset="34" sl="97" sc="13" el="97" ec="45" bec="0" bev="0" fileid="10" />
                <SequencePoint vc="2" uspid="181" ordinal="5" offset="41" sl="98" sc="13" el="98" ec="43" bec="0" bev="0" fileid="10" />
                <SequencePoint vc="2" uspid="182" ordinal="6" offset="53" sl="99" sc="13" el="99" ec="24" bec="0" bev="0" fileid="10" />
              </SequencePoints>
              <BranchPoints>
                <BranchPoint vc="1" uspid="183" ordinal="0" offset="5" sl="90" path="0" offsetend="7" fileid="10" />
                <BranchPoint vc="3" uspid="184" ordinal="1" offset="5" sl="90" path="1" offsetend="17" fileid="10" />
                <BranchPoint vc="2" uspid="185" ordinal="2" offset="30" sl="94" path="0" offsetend="32" fileid="10" />
                <BranchPoint vc="2" uspid="186" ordinal="3" offset="30" sl="94" path="1" offsetend="34" fileid="10" />
              </BranchPoints>
              <MethodPoint xsi:type="SequencePoint" vc="4" uspid="176" ordinal="0" offset="0" sl="90" sc="13" el="90" ec="36" bec="2" bev="2" fileid="10" />
            </Method>
            <Method visited="true" cyclomaticComplexity="3" nPathComplexity="0" sequenceCoverage="100" branchCoverage="100" isConstructor="false" isStatic="true" isGetter="false" isSetter="false">
              <Summary numSequencePoints="3" visitedSequencePoints="3" numBranchPoints="1" visitedBranchPoints="1" sequenceCoverage="100" branchCoverage="100" maxCyclomaticComplexity="3" minCyclomaticComplexity="3" visitedClasses="0" numClasses="0" visitedMethods="1" numMethods="1" />
              <MetadataToken>100663332</MetadataToken>
              <Name>System.Byte[] Multiformats.Base.Base58Encoding::DecodeAlphabet(System.String,System.String)</Name>
              <FileRef uid="10" />
              <SequencePoints>
                <SequencePoint vc="4" uspid="187" ordinal="0" offset="13" sl="104" sc="13" el="104" ec="52" bec="0" bev="0" fileid="10" />
                <SequencePoint vc="4" uspid="188" ordinal="1" offset="30" sl="105" sc="13" el="105" ec="39" bec="0" bev="0" fileid="10" />
                <SequencePoint vc="4" uspid="189" ordinal="2" offset="47" sl="107" sc="13" el="114" ec="28" bec="0" bev="0" fileid="10" />
              </SequencePoints>
              <BranchPoints />
              <MethodPoint vc="4" uspid="194" ordinal="0" offset="0" />
            </Method>
            <Method visited="true" cyclomaticComplexity="1" nPathComplexity="0" sequenceCoverage="0" branchCoverage="0" isConstructor="true" isStatic="false" isGetter="false" isSetter="false">
              <Summary numSequencePoints="0" visitedSequencePoints="0" numBranchPoints="0" visitedBranchPoints="0" sequenceCoverage="0" branchCoverage="0" maxCyclomaticComplexity="1" minCyclomaticComplexity="1" visitedClasses="0" numClasses="0" visitedMethods="0" numMethods="0" />
              <MetadataToken>100663333</MetadataToken>
              <Name>System.Void Multiformats.Base.Base58Encoding::.ctor()</Name>
              <SequencePoints />
              <BranchPoints />
              <MethodPoint vc="1" uspid="195" ordinal="0" offset="0" />
            </Method>
          </Methods>
        </Class>
        <Class>
          <Summary numSequencePoints="1" visitedSequencePoints="0" numBranchPoints="1" visitedBranchPoints="0" sequenceCoverage="0" branchCoverage="0" maxCyclomaticComplexity="1" minCyclomaticComplexity="1" visitedClasses="0" numClasses="1" visitedMethods="0" numMethods="1" />
          <FullName>Multiformats.Base.Base58Encoding/&lt;&gt;c__DisplayClass9_0</FullName>
          <Methods>
            <Method visited="true" cyclomaticComplexity="1" nPathComplexity="0" sequenceCoverage="0" branchCoverage="0" isConstructor="true" isStatic="false" isGetter="false" isSetter="false">
              <Summary numSequencePoints="0" visitedSequencePoints="0" numBranchPoints="0" visitedBranchPoints="0" sequenceCoverage="0" branchCoverage="0" maxCyclomaticComplexity="1" minCyclomaticComplexity="1" visitedClasses="0" numClasses="0" visitedMethods="0" numMethods="0" />
              <MetadataToken>100663377</MetadataToken>
              <Name>System.Void Multiformats.Base.Base58Encoding/&lt;&gt;c__DisplayClass9_0::.ctor()</Name>
              <SequencePoints />
              <BranchPoints />
              <MethodPoint vc="4" uspid="196" ordinal="0" offset="0" />
            </Method>
            <Method visited="false" cyclomaticComplexity="1" nPathComplexity="0" sequenceCoverage="0" branchCoverage="0" isConstructor="false" isStatic="false" isGetter="false" isSetter="false">
              <Summary numSequencePoints="1" visitedSequencePoints="0" numBranchPoints="1" visitedBranchPoints="0" sequenceCoverage="0" branchCoverage="0" maxCyclomaticComplexity="1" minCyclomaticComplexity="1" visitedClasses="0" numClasses="0" visitedMethods="0" numMethods="1" />
              <MetadataToken>100663378</MetadataToken>
              <Name>System.Char Multiformats.Base.Base58Encoding/&lt;&gt;c__DisplayClass9_0::&lt;EncodeAlphabet&gt;b__1(System.Byte)</Name>
              <FileRef uid="10" />
              <SequencePoints>
                <SequencePoint vc="0" uspid="197" ordinal="0" offset="0" sl="60" sc="38" el="60" ec="49" bec="0" bev="0" fileid="10" />
              </SequencePoints>
              <BranchPoints />
              <MethodPoint xsi:type="SequencePoint" vc="0" uspid="197" ordinal="0" offset="0" sl="60" sc="38" el="60" ec="49" bec="0" bev="0" fileid="10" />
            </Method>
          </Methods>
        </Class>
        <Class>
          <Summary numSequencePoints="5" visitedSequencePoints="4" numBranchPoints="5" visitedBranchPoints="4" sequenceCoverage="80" branchCoverage="80" maxCyclomaticComplexity="1" minCyclomaticComplexity="1" visitedClasses="1" numClasses="1" visitedMethods="4" numMethods="5" />
          <FullName>Multiformats.Base.Base58Encoding/&lt;&gt;c</FullName>
          <Methods>
            <Method visited="true" cyclomaticComplexity="1" nPathComplexity="0" sequenceCoverage="0" branchCoverage="0" isConstructor="true" isStatic="true" isGetter="false" isSetter="false">
              <Summary numSequencePoints="0" visitedSequencePoints="0" numBranchPoints="0" visitedBranchPoints="0" sequenceCoverage="0" branchCoverage="0" maxCyclomaticComplexity="1" minCyclomaticComplexity="1" visitedClasses="0" numClasses="0" visitedMethods="0" numMethods="0" />
              <MetadataToken>100663379</MetadataToken>
              <Name>System.Void Multiformats.Base.Base58Encoding/&lt;&gt;c::.cctor()</Name>
              <SequencePoints />
              <BranchPoints />
              <MethodPoint vc="1" uspid="198" ordinal="0" offset="0" />
            </Method>
            <Method visited="true" cyclomaticComplexity="1" nPathComplexity="0" sequenceCoverage="0" branchCoverage="0" isConstructor="true" isStatic="false" isGetter="false" isSetter="false">
              <Summary numSequencePoints="0" visitedSequencePoints="0" numBranchPoints="0" visitedBranchPoints="0" sequenceCoverage="0" branchCoverage="0" maxCyclomaticComplexity="1" minCyclomaticComplexity="1" visitedClasses="0" numClasses="0" visitedMethods="0" numMethods="0" />
              <MetadataToken>100663380</MetadataToken>
              <Name>System.Void Multiformats.Base.Base58Encoding/&lt;&gt;c::.ctor()</Name>
              <SequencePoints />
              <BranchPoints />
              <MethodPoint vc="1" uspid="199" ordinal="0" offset="0" />
            </Method>
            <Method visited="true" cyclomaticComplexity="1" nPathComplexity="0" sequenceCoverage="100" branchCoverage="100" isConstructor="false" isStatic="false" isGetter="false" isSetter="false">
              <Summary numSequencePoints="1" visitedSequencePoints="1" numBranchPoints="1" visitedBranchPoints="1" sequenceCoverage="100" branchCoverage="100" maxCyclomaticComplexity="1" minCyclomaticComplexity="1" visitedClasses="0" numClasses="0" visitedMethods="1" numMethods="1" />
              <MetadataToken>100663381</MetadataToken>
              <Name>System.Boolean Multiformats.Base.Base58Encoding/&lt;&gt;c::&lt;EncodeAlphabet&gt;b__9_0(System.Byte)</Name>
              <FileRef uid="10" />
              <SequencePoints>
                <SequencePoint vc="4" uspid="200" ordinal="0" offset="0" sl="59" sc="38" el="59" ec="44" bec="0" bev="0" fileid="10" />
              </SequencePoints>
              <BranchPoints />
              <MethodPoint xsi:type="SequencePoint" vc="4" uspid="200" ordinal="0" offset="0" sl="59" sc="38" el="59" ec="44" bec="0" bev="0" fileid="10" />
            </Method>
            <Method visited="true" cyclomaticComplexity="1" nPathComplexity="0" sequenceCoverage="100" branchCoverage="100" isConstructor="false" isStatic="false" isGetter="false" isSetter="false">
              <Summary numSequencePoints="1" visitedSequencePoints="1" numBranchPoints="1" visitedBranchPoints="1" sequenceCoverage="100" branchCoverage="100" maxCyclomaticComplexity="1" minCyclomaticComplexity="1" visitedClasses="0" numClasses="0" visitedMethods="1" numMethods="1" />
              <MetadataToken>100663382</MetadataToken>
              <Name>System.Numerics.BigInteger Multiformats.Base.Base58Encoding/&lt;&gt;c::&lt;EncodeAlphabet&gt;b__9_2(System.Numerics.BigInteger,System.Byte)</Name>
              <FileRef uid="10" />
              <SequencePoints>
                <SequencePoint vc="294" uspid="201" ordinal="0" offset="0" sl="61" sc="94" el="61" ec="111" bec="0" bev="0" fileid="10" />
              </SequencePoints>
              <BranchPoints />
              <MethodPoint xsi:type="SequencePoint" vc="294" uspid="201" ordinal="0" offset="0" sl="61" sc="94" el="61" ec="111" bec="0" bev="0" fileid="10" />
            </Method>
            <Method visited="true" cyclomaticComplexity="1" nPathComplexity="0" sequenceCoverage="100" branchCoverage="100" isConstructor="false" isStatic="false" isGetter="false" isSetter="false">
              <Summary numSequencePoints="1" visitedSequencePoints="1" numBranchPoints="1" visitedBranchPoints="1" sequenceCoverage="100" branchCoverage="100" maxCyclomaticComplexity="1" minCyclomaticComplexity="1" visitedClasses="0" numClasses="0" visitedMethods="1" numMethods="1" />
              <MetadataToken>100663383</MetadataToken>
              <Name>System.Byte Multiformats.Base.Base58Encoding/&lt;&gt;c::&lt;CreateDecodeMap&gt;b__12_0(System.Int32)</Name>
              <FileRef uid="10" />
              <SequencePoints>
                <SequencePoint vc="512" uspid="202" ordinal="0" offset="0" sl="82" sc="60" el="82" ec="70" bec="0" bev="0" fileid="10" />
              </SequencePoints>
              <BranchPoints />
              <MethodPoint xsi:type="SequencePoint" vc="512" uspid="202" ordinal="0" offset="0" sl="82" sc="60" el="82" ec="70" bec="0" bev="0" fileid="10" />
[...]
              <Name>System.String Multiformats.Base.Base8Encoding/&lt;&gt;c::&lt;Encode&gt;b__3_0(System.Byte)</Name>
              <FileRef uid="16" />
              <SequencePoints>
                <SequencePoint vc="161" uspid="289" ordinal="0" offset="0" sl="12" sc="134" el="12" ec="156" bec="0" bev="0" fileid="16" />
              </SequencePoints>
              <BranchPoints />
              <MethodPoint xsi:type="SequencePoint" vc="161" uspid="289" ordinal="0" offset="0" sl="12" sc="134" el="12" ec="156" bec="0" bev="0" fileid="16" />
            </Method>
            <Method visited="true" cyclomaticComplexity="1" nPathComplexity="0" sequenceCoverage="100" branchCoverage="100" isConstructor="false" isStatic="false" isGetter="false" isSetter="false">
              <Summary numSequencePoints="1" visitedSequencePoints="1" numBranchPoints="1" visitedBranchPoints="1" sequenceCoverage="100" branchCoverage="100" maxCyclomaticComplexity="1" minCyclomaticComplexity="1" visitedClasses="0" numClasses="0" visitedMethods="1" numMethods="1" />
              <MetadataToken>100663401</MetadataToken>
              <Name>System.Byte Multiformats.Base.Base8Encoding/&lt;&gt;c::&lt;Decode&gt;b__5_0(System.String)</Name>
              <FileRef uid="16" />
              <SequencePoints>
                <SequencePoint vc="161" uspid="290" ordinal="0" offset="0" sl="15" sc="107" el="15" ec="127" bec="0" bev="0" fileid="16" />
              </SequencePoints>
              <BranchPoints />
              <MethodPoint xsi:type="SequencePoint" vc="161" uspid="290" ordinal="0" offset="0" sl="15" sc="107" el="15" ec="127" bec="0" bev="0" fileid="16" />
            </Method>
          </Methods>
        </Class>
        <Class>
          <Summary numSequencePoints="25" visitedSequencePoints="12" numBranchPoints="15" visitedBranchPoints="4" sequenceCoverage="48" branchCoverage="26.67" maxCyclomaticComplexity="2" minCyclomaticComplexity="1" visitedClasses="1" numClasses="1" visitedMethods="3" numMethods="9" />
          <FullName>Multiformats.Base.Multibase</FullName>
          <Methods>
            <Method visited="false" cyclomaticComplexity="2" nPathComplexity="2" sequenceCoverage="0" branchCoverage="0" isConstructor="false" isStatic="true" isGetter="false" isSetter="false">
              <Summary numSequencePoints="4" visitedSequencePoints="0" numBranchPoints="3" visitedBranchPoints="0" sequenceCoverage="0" branchCoverage="0" maxCyclomaticComplexity="2" minCyclomaticComplexity="2" visitedClasses="0" numClasses="0" visitedMethods="0" numMethods="1" />
              <MetadataToken>100663349</MetadataToken>
              <Name>System.String Multiformats.Base.Multibase::Encode(System.Byte[])</Name>
              <FileRef uid="18" />
              <SequencePoints>
                <SequencePoint vc="0" uspid="291" ordinal="0" offset="0" sl="27" sc="13" el="27" ec="77" bec="0" bev="0" fileid="18" />
                <SequencePoint vc="0" uspid="292" ordinal="1" offset="15" sl="28" sc="13" el="28" ec="34" bec="2" bev="0" fileid="18" />
                <SequencePoint vc="0" uspid="293" ordinal="2" offset="23" sl="29" sc="17" el="29" ec="110" bec="0" bev="0" fileid="18" />
                <SequencePoint vc="0" uspid="294" ordinal="3" offset="54" sl="31" sc="13" el="31" ec="42" bec="0" bev="0" fileid="18" />
              </SequencePoints>
              <BranchPoints>
                <BranchPoint vc="0" uspid="295" ordinal="0" offset="21" sl="28" path="0" offsetend="23" fileid="18" />
                <BranchPoint vc="0" uspid="296" ordinal="1" offset="21" sl="28" path="1" offsetend="54" fileid="18" />
              </BranchPoints>
              <MethodPoint xsi:type="SequencePoint" vc="0" uspid="291" ordinal="0" offset="0" sl="27" sc="13" el="27" ec="77" bec="0" bev="0" fileid="18" />
            </Method>
            <Method visited="false" cyclomaticComplexity="1" nPathComplexity="0" sequenceCoverage="0" branchCoverage="0" isConstructor="false" isStatic="true" isGetter="false" isSetter="false">
              <Summary numSequencePoints="1" visitedSequencePoints="0" numBranchPoints="1" visitedBranchPoints="0" sequenceCoverage="0" branchCoverage="0" maxCyclomaticComplexity="1" minCyclomaticComplexity="1" visitedClasses="0" numClasses="0" visitedMethods="0" numMethods="1" />
              <MetadataToken>100663350</MetadataToken>
              <Name>System.String Multiformats.Base.Multibase::Encode(Multiformats.Base.MultibaseEncoding,System.Byte[])</Name>
              <FileRef uid="18" />
              <SequencePoints>
                <SequencePoint vc="0" uspid="297" ordinal="0" offset="0" sl="39" sc="81" el="39" ec="102" bec="0" bev="0" fileid="18" />
              </SequencePoints>
              <BranchPoints />
              <MethodPoint xsi:type="SequencePoint" vc="0" uspid="297" ordinal="0" offset="0" sl="39" sc="81" el="39" ec="102" bec="0" bev="0" fileid="18" />
            </Method>
            <Method visited="false" cyclomaticComplexity="1" nPathComplexity="0" sequenceCoverage="0" branchCoverage="0" isConstructor="false" isStatic="true" isGetter="false" isSetter="false">
              <Summary numSequencePoints="1" visitedSequencePoints="0" numBranchPoints="1" visitedBranchPoints="0" sequenceCoverage="0" branchCoverage="0" maxCyclomaticComplexity="1" minCyclomaticComplexity="1" visitedClasses="0" numClasses="0" visitedMethods="0" numMethods="1" />
              <MetadataToken>100663351</MetadataToken>
              <Name>System.String Multiformats.Base.Multibase::EncodeRaw(System.Byte[])</Name>
              <FileRef uid="18" />
              <SequencePoints>
                <SequencePoint vc="0" uspid="298" ordinal="0" offset="0" sl="45" sc="103" el="45" ec="139" bec="0" bev="0" fileid="18" />
              </SequencePoints>
              <BranchPoints />
              <MethodPoint xsi:type="SequencePoint" vc="0" uspid="298" ordinal="0" offset="0" sl="45" sc="103" el="45" ec="139" bec="0" bev="0" fileid="18" />
            </Method>
            <Method visited="false" cyclomaticComplexity="1" nPathComplexity="0" sequenceCoverage="0" branchCoverage="0" isConstructor="false" isStatic="true" isGetter="false" isSetter="false">
              <Summary numSequencePoints="1" visitedSequencePoints="0" numBranchPoints="1" visitedBranchPoints="0" sequenceCoverage="0" branchCoverage="0" maxCyclomaticComplexity="1" minCyclomaticComplexity="1" visitedClasses="0" numClasses="0" visitedMethods="0" numMethods="1" />
              <MetadataToken>100663352</MetadataToken>
              <Name>System.String Multiformats.Base.Multibase::EncodeRaw(Multiformats.Base.MultibaseEncoding,System.Byte[])</Name>
              <FileRef uid="18" />
              <SequencePoints>
                <SequencePoint vc="0" uspid="299" ordinal="0" offset="0" sl="52" sc="84" el="52" ec="118" bec="0" bev="0" fileid="18" />
              </SequencePoints>
              <BranchPoints />
              <MethodPoint xsi:type="SequencePoint" vc="0" uspid="299" ordinal="0" offset="0" sl="52" sc="84" el="52" ec="118" bec="0" bev="0" fileid="18" />
            </Method>
            <Method visited="true" cyclomaticComplexity="1" nPathComplexity="0" sequenceCoverage="100" branchCoverage="100" isConstructor="false" isStatic="true" isGetter="false" isSetter="false">
              <Summary numSequencePoints="1" visitedSequencePoints="1" numBranchPoints="1" visitedBranchPoints="1" sequenceCoverage="100" branchCoverage="100" maxCyclomaticComplexity="1" minCyclomaticComplexity="1" visitedClasses="0" numClasses="0" visitedMethods="1" numMethods="1" />
              <MetadataToken>100663353</MetadataToken>
              <Name>System.Byte[] Multiformats.Base.Multibase::Decode(System.String)</Name>
              <FileRef uid="18" />
              <SequencePoints>
                <SequencePoint vc="32" uspid="300" ordinal="0" offset="0" sl="61" sc="13" el="61" ec="44" bec="0" bev="0" fileid="18" />
              </SequencePoints>
              <BranchPoints />
              <MethodPoint xsi:type="SequencePoint" vc="32" uspid="300" ordinal="0" offset="0" sl="61" sc="13" el="61" ec="44" bec="0" bev="0" fileid="18" />
            </Method>
            <Method visited="true" cyclomaticComplexity="2" nPathComplexity="2" sequenceCoverage="75" branchCoverage="66.67" isConstructor="false" isStatic="true" isGetter="false" isSetter="false">
              <Summary numSequencePoints="4" visitedSequencePoints="3" numBranchPoints="3" visitedBranchPoints="2" sequenceCoverage="75" branchCoverage="66.67" maxCyclomaticComplexity="2" minCyclomaticComplexity="2" visitedClasses="0" numClasses="0" visitedMethods="1" numMethods="1" />
              <MetadataToken>100663354</MetadataToken>
              <Name>System.Byte[] Multiformats.Base.Multibase::Decode(System.String,Multiformats.Base.MultibaseEncoding&amp;)</Name>
              <FileRef uid="18" />
              <SequencePoints>
                <SequencePoint vc="32" uspid="301" ordinal="0" offset="13" sl="72" sc="13" el="72" ec="86" bec="0" bev="0" fileid="18" />
                <SequencePoint vc="32" uspid="302" ordinal="1" offset="37" sl="73" sc="13" el="73" ec="34" bec="2" bev="1" fileid="18" />
                <SequencePoint vc="0" uspid="303" ordinal="2" offset="41" sl="74" sc="17" el="74" ec="92" bec="0" bev="0" fileid="18" />
                <SequencePoint vc="32" uspid="304" ordinal="3" offset="74" sl="76" sc="13" el="76" ec="39" bec="0" bev="0" fileid="18" />
              </SequencePoints>
              <BranchPoints>
                <BranchPoint vc="0" uspid="305" ordinal="0" offset="39" sl="73" path="0" offsetend="41" fileid="18" />
                <BranchPoint vc="32" uspid="306" ordinal="1" offset="39" sl="73" path="1" offsetend="74" fileid="18" />
              </BranchPoints>
              <MethodPoint vc="32" uspid="307" ordinal="0" offset="0" />
            </Method>
            <Method visited="false" cyclomaticComplexity="1" nPathComplexity="0" sequenceCoverage="0" branchCoverage="0" isConstructor="false" isStatic="true" isGetter="false" isSetter="false">
              <Summary numSequencePoints="1" visitedSequencePoints="0" numBranchPoints="1" visitedBranchPoints="0" sequenceCoverage="0" branchCoverage="0" maxCyclomaticComplexity="1" minCyclomaticComplexity="1" visitedClasses="0" numClasses="0" visitedMethods="0" numMethods="1" />
              <MetadataToken>100663355</MetadataToken>
              <Name>System.Byte[] Multiformats.Base.Multibase::DecodeRaw(Multiformats.Base.MultibaseEncoding,System.String)</Name>
              <FileRef uid="18" />
              <SequencePoints>
                <SequencePoint vc="0" uspid="308" ordinal="0" offset="0" sl="85" sc="81" el="85" ec="128" bec="0" bev="0" fileid="18" />
              </SequencePoints>
              <BranchPoints />
              <MethodPoint xsi:type="SequencePoint" vc="0" uspid="308" ordinal="0" offset="0" sl="85" sc="81" el="85" ec="128" bec="0" bev="0" fileid="18" />
            </Method>
            <Method visited="false" cyclomaticComplexity="2" nPathComplexity="2" sequenceCoverage="0" branchCoverage="0" isConstructor="false" isStatic="true" isGetter="false" isSetter="false">
              <Summary numSequencePoints="4" visitedSequencePoints="0" numBranchPoints="3" visitedBranchPoints="0" sequenceCoverage="0" branchCoverage="0" maxCyclomaticComplexity="2" minCyclomaticComplexity="2" visitedClasses="0" numClasses="0" visitedMethods="0" numMethods="1" />
              <MetadataToken>100663356</MetadataToken>
              <Name>System.Byte[] Multiformats.Base.Multibase::DecodeRaw(System.String)</Name>
              <FileRef uid="18" />
              <SequencePoints>
                <SequencePoint vc="0" uspid="309" ordinal="0" offset="0" sl="94" sc="13" el="94" ec="77" bec="0" bev="0" fileid="18" />
                <SequencePoint vc="0" uspid="310" ordinal="1" offset="16" sl="95" sc="13" el="95" ec="34" bec="2" bev="0" fileid="18" />
                <SequencePoint vc="0" uspid="311" ordinal="2" offset="24" sl="96" sc="17" el="96" ec="110" bec="0" bev="0" fileid="18" />
                <SequencePoint vc="0" uspid="312" ordinal="3" offset="55" sl="98" sc="13" el="98" ec="68" bec="0" bev="0" fileid="18" />
              </SequencePoints>
              <BranchPoints>
                <BranchPoint vc="0" uspid="313" ordinal="0" offset="22" sl="95" path="0" offsetend="24" fileid="18" />
                <BranchPoint vc="0" uspid="314" ordinal="1" offset="22" sl="95" path="1" offsetend="55" fileid="18" />
              </BranchPoints>
              <MethodPoint xsi:type="SequencePoint" vc="0" uspid="309" ordinal="0" offset="0" sl="94" sc="13" el="94" ec="77" bec="0" bev="0" fileid="18" />
            </Method>
            <Method visited="true" cyclomaticComplexity="1" nPathComplexity="0" sequenceCoverage="100" branchCoverage="100" isConstructor="true" isStatic="true" isGetter="false" isSetter="false">
              <Summary numSequencePoints="8" visitedSequencePoints="8" numBranchPoints="1" visitedBranchPoints="1" sequenceCoverage="100" branchCoverage="100" maxCyclomaticComplexity="1" minCyclomaticComplexity="1" visitedClasses="0" numClasses="0" visitedMethods="1" numMethods="1" />
              <MetadataToken>100663357</MetadataToken>
              <Name>System.Void Multiformats.Base.Multibase::.cctor()</Name>
              <FileRef uid="18" />
              <SequencePoints>
                <SequencePoint vc="1" uspid="315" ordinal="0" offset="0" sl="8" sc="9" el="8" ec="74" bec="0" bev="0" fileid="18" />
                <SequencePoint vc="1" uspid="316" ordinal="1" offset="10" sl="9" sc="9" el="9" ec="74" bec="0" bev="0" fileid="18" />
                <SequencePoint vc="1" uspid="317" ordinal="2" offset="20" sl="10" sc="9" el="10" ec="77" bec="0" bev="0" fileid="18" />
                <SequencePoint vc="1" uspid="318" ordinal="3" offset="30" sl="11" sc="9" el="11" ec="77" bec="0" bev="0" fileid="18" />
                <SequencePoint vc="1" uspid="319" ordinal="4" offset="40" sl="12" sc="9" el="12" ec="77" bec="0" bev="0" fileid="18" />
                <SequencePoint vc="1" uspid="320" ordinal="5" offset="50" sl="13" sc="9" el="13" ec="77" bec="0" bev="0" fileid="18" />
                <SequencePoint vc="1" uspid="321" ordinal="6" offset="60" sl="14" sc="9" el="14" ec="77" bec="0" bev="0" fileid="18" />
                <SequencePoint vc="1" uspid="322" ordinal="7" offset="70" sl="16" sc="9" el="19" ec="11" bec="0" bev="0" fileid="18" />
              </SequencePoints>
              <BranchPoints />
              <MethodPoint xsi:type="SequencePoint" vc="1" uspid="315" ordinal="0" offset="0" sl="8" sc="9" el="8" ec="74" bec="0" bev="0" fileid="18" />
            </Method>
          </Methods>
        </Class>
        <Class>
          <Summary numSequencePoints="1" visitedSequencePoints="1" numBranchPoints="1" visitedBranchPoints="1" sequenceCoverage="100" branchCoverage="100" maxCyclomaticComplexity="1" minCyclomaticComplexity="1" visitedClasses="1" numClasses="1" visitedMethods="1" numMethods="1" />
          <FullName>Multiformats.Base.Multibase/&lt;&gt;c__DisplayClass13_0</FullName>
          <Methods>
            <Method visited="true" cyclomaticComplexity="1" nPathComplexity="0" sequenceCoverage="0" branchCoverage="0" isConstructor="true" isStatic="false" isGetter="false" isSetter="false">
              <Summary numSequencePoints="0" visitedSequencePoints="0" numBranchPoints="0" visitedBranchPoints="0" sequenceCoverage="0" branchCoverage="0" maxCyclomaticComplexity="1" minCyclomaticComplexity="1" visitedClasses="0" numClasses="0" visitedMethods="0" numMethods="0" />
              <MetadataToken>100663402</MetadataToken>
              <Name>System.Void Multiformats.Base.Multibase/&lt;&gt;c__DisplayClass13_0::.ctor()</Name>
              <SequencePoints />
              <BranchPoints />
              <MethodPoint vc="32" uspid="323" ordinal="0" offset="0" />
            </Method>
            <Method visited="true" cyclomaticComplexity="1" nPathComplexity="0" sequenceCoverage="100" branchCoverage="100" isConstructor="false" isStatic="false" isGetter="false" isSetter="false">
              <Summary numSequencePoints="1" visitedSequencePoints="1" numBranchPoints="1" visitedBranchPoints="1" sequenceCoverage="100" branchCoverage="100" maxCyclomaticComplexity="1" minCyclomaticComplexity="1" visitedClasses="0" numClasses="0" visitedMethods="1" numMethods="1" />
              <MetadataToken>100663403</MetadataToken>
              <Name>System.Boolean Multiformats.Base.Multibase/&lt;&gt;c__DisplayClass13_0::&lt;Decode&gt;b__0(Multiformats.Base.MultibaseEncoding)</Name>
              <FileRef uid="18" />
              <SequencePoints>
                <SequencePoint vc="224" uspid="324" ordinal="0" offset="0" sl="72" sc="56" el="72" ec="84" bec="0" bev="0" fileid="18" />
              </SequencePoints>
              <BranchPoints />
              <MethodPoint xsi:type="SequencePoint" vc="224" uspid="324" ordinal="0" offset="0" sl="72" sc="56" el="72" ec="84" bec="0" bev="0" fileid="18" />
            </Method>
          </Methods>
        </Class>
        <Class>
          <Summary numSequencePoints="3" visitedSequencePoints="2" numBranchPoints="2" visitedBranchPoints="1" sequenceCoverage="66.67" branchCoverage="50" maxCyclomaticComplexity="1" minCyclomaticComplexity="1" visitedClasses="1" numClasses="1" visitedMethods="1" numMethods="2" />
          <FullName>Multiformats.Base.MultibaseEncoding</FullName>
          <Methods>
            <Method visited="false" cyclomaticComplexity="1" nPathComplexity="0" sequenceCoverage="0" branchCoverage="0" isConstructor="false" isStatic="false" isGetter="true" isSetter="false">
              <Summary numSequencePoints="1" visitedSequencePoints="0" numBranchPoints="1" visitedBranchPoints="0" sequenceCoverage="0" branchCoverage="0" maxCyclomaticComplexity="1" minCyclomaticComplexity="1" visitedClasses="0" numClasses="0" visitedMethods="0" numMethods="1" />
              <MetadataToken>100663359</MetadataToken>
              <Name>System.Char Multiformats.Base.MultibaseEncoding::get_DefaultIdentifier()</Name>
              <FileRef uid="20" />
              <SequencePoints>
                <SequencePoint vc="0" uspid="325" ordinal="0" offset="0" sl="13" sc="50" el="13" ec="64" bec="0" bev="0" fileid="20" />
              </SequencePoints>
              <BranchPoints />
              <MethodPoint xsi:type="SequencePoint" vc="0" uspid="325" ordinal="0" offset="0" sl="13" sc="50" el="13" ec="64" bec="0" bev="0" fileid="20" />
            </Method>
            <Method visited="true" cyclomaticComplexity="1" nPathComplexity="0" sequenceCoverage="100" branchCoverage="100" isConstructor="true" isStatic="false" isGetter="false" isSetter="false">
              <Summary numSequencePoints="2" visitedSequencePoints="2" numBranchPoints="1" visitedBranchPoints="1" sequenceCoverage="100" branchCoverage="100" maxCyclomaticComplexity="1" minCyclomaticComplexity="1" visitedClasses="0" numClasses="0" visitedMethods="1" numMethods="1" />
              <MetadataToken>100663360</MetadataToken>
              <Name>System.Void Multiformats.Base.MultibaseEncoding::.ctor()</Name>
              <FileRef uid="20" />
              <SequencePoints>
                <SequencePoint vc="7" uspid="326" ordinal="0" offset="0" sl="15" sc="9" el="15" ec="38" bec="0" bev="0" fileid="20" />
                <SequencePoint vc="7" uspid="327" ordinal="1" offset="6" sl="15" sc="41" el="15" ec="42" bec="0" bev="0" fileid="20" />
              </SequencePoints>
              <BranchPoints />
              <MethodPoint xsi:type="SequencePoint" vc="7" uspid="326" ordinal="0" offset="0" sl="15" sc="9" el="15" ec="38" bec="0" bev="0" fileid="20" />
            </Method>
          </Methods>
        </Class>
      </Classes>
    </Module>
  </Modules>
</CoverageSession>